[ 50%] [32mBuilding CXX object CMakeFiles/turtlebot3_drive.dir/src/turtlebot3_drive.cpp.o[0m
[100%] [32m[1mLinking CXX executable turtlebot3_drive[0m
[100%] Built target turtlebot3_drive
-- Install configuration: ""
-- Installing: /home/pallab/project4_ws/src/install/turtlebot3_project3/lib/turtlebot3_project3/turtlebot3_drive
-- Set runtime path of "/home/pallab/project4_ws/src/install/turtlebot3_project3/lib/turtlebot3_project3/turtlebot3_drive" to ""
-- Installing: /home/pallab/project4_ws/src/install/turtlebot3_project3/share/turtlebot3_project3//launch
-- Installing: /home/pallab/project4_ws/src/install/turtlebot3_project3/share/turtlebot3_project3//launch/empty_world.launch.py
-- Installing: /home/pallab/project4_ws/src/install/turtlebot3_project3/share/turtlebot3_project3//launch/robot_state_publisher.launch.py
-- Installing: /home/pallab/project4_ws/src/install/turtlebot3_project3/share/turtlebot3_project3//launch/competition_world.launch.py
-- Installing: /home/pallab/project4_ws/src/install/turtlebot3_project3/share/turtlebot3_project3//launch/spawn_turtlebot3.launch.py
-- Installing: /home/pallab/project4_ws/src/install/turtlebot3_project3/share/turtlebot3_project3//models
-- Installing: /home/pallab/project4_ws/src/install/turtlebot3_project3/share/turtlebot3_project3//models/turtlebot3_waffle
-- Installing: /home/pallab/project4_ws/src/install/turtlebot3_project3/share/turtlebot3_project3//models/turtlebot3_waffle/model.config
-- Installing: /home/pallab/project4_ws/src/install/turtlebot3_project3/share/turtlebot3_project3//models/turtlebot3_waffle/model.sdf
-- Installing: /home/pallab/project4_ws/src/install/turtlebot3_project3/share/turtlebot3_project3//models/turtlebot3_waffle/model-1_4.sdf
-- Installing: /home/pallab/project4_ws/src/install/turtlebot3_project3/share/turtlebot3_project3//models/turtlebot3_world
-- Installing: /home/pallab/project4_ws/src/install/turtlebot3_project3/share/turtlebot3_project3//models/turtlebot3_world/model.config
-- Installing: /home/pallab/project4_ws/src/install/turtlebot3_project3/share/turtlebot3_project3//models/turtlebot3_world/model.sdf
-- Installing: /home/pallab/project4_ws/src/install/turtlebot3_project3/share/turtlebot3_project3//models/turtlebot3_world/model-1_4.sdf
-- Installing: /home/pallab/project4_ws/src/install/turtlebot3_project3/share/turtlebot3_project3//models/turtlebot3_world/meshes
-- Installing: /home/pallab/project4_ws/src/install/turtlebot3_project3/share/turtlebot3_project3//models/turtlebot3_world/meshes/wall.dae
-- Installing: /home/pallab/project4_ws/src/install/turtlebot3_project3/share/turtlebot3_project3//models/turtlebot3_world/meshes/hexagon.dae
-- Installing: /home/pallab/project4_ws/src/install/turtlebot3_project3/share/turtlebot3_project3//models/turtlebot3_common
-- Installing: /home/pallab/project4_ws/src/install/turtlebot3_project3/share/turtlebot3_project3//models/turtlebot3_common/model.config
-- Installing: /home/pallab/project4_ws/src/install/turtlebot3_project3/share/turtlebot3_project3//models/turtlebot3_common/meshes
-- Installing: /home/pallab/project4_ws/src/install/turtlebot3_project3/share/turtlebot3_project3//models/turtlebot3_common/meshes/lds.dae
-- Installing: /home/pallab/project4_ws/src/install/turtlebot3_project3/share/turtlebot3_project3//models/turtlebot3_common/meshes/r200.dae
-- Installing: /home/pallab/project4_ws/src/install/turtlebot3_project3/share/turtlebot3_project3//models/turtlebot3_common/meshes/waffle_pi_base.dae
-- Installing: /home/pallab/project4_ws/src/install/turtlebot3_project3/share/turtlebot3_project3//models/turtlebot3_common/meshes/burger_base.dae
-- Installing: /home/pallab/project4_ws/src/install/turtlebot3_project3/share/turtlebot3_project3//models/turtlebot3_common/meshes/waffle_base.dae
-- Installing: /home/pallab/project4_ws/src/install/turtlebot3_project3/share/turtlebot3_project3//models/turtlebot3_common/meshes/tire.dae
-- Installing: /home/pallab/project4_ws/src/install/turtlebot3_project3/share/turtlebot3_project3//rviz
-- Installing: /home/pallab/project4_ws/src/install/turtlebot3_project3/share/turtlebot3_project3//rviz/tb3_gazebo.rviz
-- Installing: /home/pallab/project4_ws/src/install/turtlebot3_project3/share/turtlebot3_project3//urdf
-- Installing: /home/pallab/project4_ws/src/install/turtlebot3_project3/share/turtlebot3_project3//urdf/common_properties.urdf
-- Installing: /home/pallab/project4_ws/src/install/turtlebot3_project3/share/turtlebot3_project3//urdf/turtlebot3_waffle.urdf
-- Installing: /home/pallab/project4_ws/src/install/turtlebot3_project3/share/turtlebot3_project3//worlds
-- Installing: /home/pallab/project4_ws/src/install/turtlebot3_project3/share/turtlebot3_project3//worlds/competition_world.world
-- Installing: /home/pallab/project4_ws/src/install/turtlebot3_project3/share/turtlebot3_project3//worlds/empty_world.world
-- Installing: /home/pallab/project4_ws/src/install/turtlebot3_project3/include/
-- Installing: /home/pallab/project4_ws/src/install/turtlebot3_project3/include//turtlebot3_project3
-- Installing: /home/pallab/project4_ws/src/install/turtlebot3_project3/include//turtlebot3_project3/turtlebot3_drive.hpp
-- Installing: /home/pallab/project4_ws/src/install/turtlebot3_project3/lib/turtlebot3_project3/teleop.py
-- Installing: /home/pallab/project4_ws/src/install/turtlebot3_project3/lib/turtlebot3_project3/astar_sim.py
-- Installing: /home/pallab/project4_ws/src/install/turtlebot3_project3/lib/turtlebot3_project3/vel_publisher.py
-- Installing: /home/pallab/project4_ws/src/install/turtlebot3_project3/share/ament_index/resource_index/package_run_dependencies/turtlebot3_project3
-- Installing: /home/pallab/project4_ws/src/install/turtlebot3_project3/share/ament_index/resource_index/parent_prefix_path/turtlebot3_project3
-- Installing: /home/pallab/project4_ws/src/install/turtlebot3_project3/share/turtlebot3_project3/environment/ament_prefix_path.sh
-- Installing: /home/pallab/project4_ws/src/install/turtlebot3_project3/share/turtlebot3_project3/environment/ament_prefix_path.dsv
-- Installing: /home/pallab/project4_ws/src/install/turtlebot3_project3/share/turtlebot3_project3/environment/path.sh
-- Installing: /home/pallab/project4_ws/src/install/turtlebot3_project3/share/turtlebot3_project3/environment/path.dsv
-- Installing: /home/pallab/project4_ws/src/install/turtlebot3_project3/share/turtlebot3_project3/local_setup.bash
-- Installing: /home/pallab/project4_ws/src/install/turtlebot3_project3/share/turtlebot3_project3/local_setup.sh
-- Installing: /home/pallab/project4_ws/src/install/turtlebot3_project3/share/turtlebot3_project3/local_setup.zsh
-- Installing: /home/pallab/project4_ws/src/install/turtlebot3_project3/share/turtlebot3_project3/local_setup.dsv
-- Installing: /home/pallab/project4_ws/src/install/turtlebot3_project3/share/turtlebot3_project3/package.dsv
-- Installing: /home/pallab/project4_ws/src/install/turtlebot3_project3/share/ament_index/resource_index/packages/turtlebot3_project3
-- Installing: /home/pallab/project4_ws/src/install/turtlebot3_project3/share/turtlebot3_project3/cmake/ament_cmake_export_include_directories-extras.cmake
-- Installing: /home/pallab/project4_ws/src/install/turtlebot3_project3/share/turtlebot3_project3/cmake/ament_cmake_export_dependencies-extras.cmake
-- Installing: /home/pallab/project4_ws/src/install/turtlebot3_project3/share/turtlebot3_project3/cmake/turtlebot3_project3Config.cmake
-- Installing: /home/pallab/project4_ws/src/install/turtlebot3_project3/share/turtlebot3_project3/cmake/turtlebot3_project3Config-version.cmake
-- Installing: /home/pallab/project4_ws/src/install/turtlebot3_project3/share/turtlebot3_project3/package.xml
