[0.531s] DEBUG:colcon:Command line arguments: ['/usr/bin/colcon', 'build']
[0.531s] DEBUG:colcon:Parsed command line arguments: Namespace(log_base=None, log_level=None, verb_name='build', build_base='build', install_base='install', merge_install=False, symlink_install=False, test_result_base=None, continue_on_error=False, executor='parallel', parallel_workers=16, event_handlers=None, ignore_user_meta=False, metas=['./colcon.meta'], base_paths=['.'], packages_ignore=None, packages_ignore_regex=None, paths=None, packages_up_to=None, packages_up_to_regex=None, packages_above=None, packages_above_and_dependencies=None, packages_above_depth=None, packages_select_by_dep=None, packages_skip_by_dep=None, packages_skip_up_to=None, packages_select_build_failed=False, packages_skip_build_finished=False, packages_select_test_failures=False, packages_skip_test_passed=False, packages_select=None, packages_skip=None, packages_select_regex=None, packages_skip_regex=None, packages_start=None, packages_end=None, allow_overriding=[], cmake_args=None, cmake_target=None, cmake_target_skip_unavailable=False, cmake_clean_cache=False, cmake_clean_first=False, cmake_force_configure=False, ament_cmake_args=None, catkin_cmake_args=None, catkin_skip_building_tests=False, mixin_files=None, mixin=None, verb_parser=<colcon_mixin.mixin.mixin_argument.MixinArgumentDecorator object at 0x7f66ff3fdab0>, verb_extension=<colcon_core.verb.build.BuildVerb object at 0x7f66ff5cbf70>, main=<bound method BuildVerb.main of <colcon_core.verb.build.BuildVerb object at 0x7f66ff5cbf70>>, mixin_verb=('build',))
[0.942s] Level 1:colcon.colcon_core.package_discovery:discover_packages(colcon_meta) check parameters
[0.943s] Level 1:colcon.colcon_core.package_discovery:discover_packages(recursive) check parameters
[0.943s] Level 1:colcon.colcon_core.package_discovery:discover_packages(ignore) check parameters
[0.943s] Level 1:colcon.colcon_core.package_discovery:discover_packages(path) check parameters
[0.943s] Level 1:colcon.colcon_core.package_discovery:discover_packages(colcon_meta) discover
[0.943s] Level 1:colcon.colcon_core.package_discovery:discover_packages(recursive) discover
[0.943s] INFO:colcon.colcon_core.package_discovery:Crawling recursively for packages in '/home/pallab/project4_ws'
[0.943s] Level 1:colcon.colcon_core.package_identification:_identify(.) by extensions ['ignore', 'ignore_ament_install']
[0.943s] Level 1:colcon.colcon_core.package_identification:_identify(.) by extension 'ignore'
[0.943s] Level 1:colcon.colcon_core.package_identification:_identify(.) by extension 'ignore_ament_install'
[0.944s] Level 1:colcon.colcon_core.package_identification:_identify(.) by extensions ['colcon_pkg']
[0.944s] Level 1:colcon.colcon_core.package_identification:_identify(.) by extension 'colcon_pkg'
[0.944s] Level 1:colcon.colcon_core.package_identification:_identify(.) by extensions ['colcon_meta']
[0.944s] Level 1:colcon.colcon_core.package_identification:_identify(.) by extension 'colcon_meta'
[0.944s] Level 1:colcon.colcon_core.package_identification:_identify(.) by extensions ['ros']
[0.944s] Level 1:colcon.colcon_core.package_identification:_identify(.) by extension 'ros'
[0.981s] Level 1:colcon.colcon_core.package_identification:_identify(.) by extensions ['cmake', 'python']
[0.981s] Level 1:colcon.colcon_core.package_identification:_identify(.) by extension 'cmake'
[0.982s] Level 1:colcon.colcon_core.package_identification:_identify(.) by extension 'python'
[0.982s] Level 1:colcon.colcon_core.package_identification:_identify(.) by extensions ['python_setup_py']
[0.982s] Level 1:colcon.colcon_core.package_identification:_identify(.) by extension 'python_setup_py'
[0.983s] Level 1:colcon.colcon_core.package_identification:_identify(a-star-path-planning) by extensions ['ignore', 'ignore_ament_install']
[0.983s] Level 1:colcon.colcon_core.package_identification:_identify(a-star-path-planning) by extension 'ignore'
[0.983s] Level 1:colcon.colcon_core.package_identification:_identify(a-star-path-planning) by extension 'ignore_ament_install'
[0.983s] Level 1:colcon.colcon_core.package_identification:_identify(a-star-path-planning) by extensions ['colcon_pkg']
[0.984s] Level 1:colcon.colcon_core.package_identification:_identify(a-star-path-planning) by extension 'colcon_pkg'
[0.984s] Level 1:colcon.colcon_core.package_identification:_identify(a-star-path-planning) by extensions ['colcon_meta']
[0.984s] Level 1:colcon.colcon_core.package_identification:_identify(a-star-path-planning) by extension 'colcon_meta'
[0.984s] Level 1:colcon.colcon_core.package_identification:_identify(a-star-path-planning) by extensions ['ros']
[0.984s] Level 1:colcon.colcon_core.package_identification:_identify(a-star-path-planning) by extension 'ros'
[0.984s] Level 1:colcon.colcon_core.package_identification:_identify(a-star-path-planning) by extensions ['cmake', 'python']
[0.984s] Level 1:colcon.colcon_core.package_identification:_identify(a-star-path-planning) by extension 'cmake'
[0.984s] Level 1:colcon.colcon_core.package_identification:_identify(a-star-path-planning) by extension 'python'
[0.984s] Level 1:colcon.colcon_core.package_identification:_identify(a-star-path-planning) by extensions ['python_setup_py']
[0.984s] Level 1:colcon.colcon_core.package_identification:_identify(a-star-path-planning) by extension 'python_setup_py'
[0.985s] Level 1:colcon.colcon_core.package_identification:_identify(a-star-path-planning/Figures) by extensions ['ignore', 'ignore_ament_install']
[0.985s] Level 1:colcon.colcon_core.package_identification:_identify(a-star-path-planning/Figures) by extension 'ignore'
[0.985s] Level 1:colcon.colcon_core.package_identification:_identify(a-star-path-planning/Figures) by extension 'ignore_ament_install'
[0.985s] Level 1:colcon.colcon_core.package_identification:_identify(a-star-path-planning/Figures) by extensions ['colcon_pkg']
[0.986s] Level 1:colcon.colcon_core.package_identification:_identify(a-star-path-planning/Figures) by extension 'colcon_pkg'
[0.986s] Level 1:colcon.colcon_core.package_identification:_identify(a-star-path-planning/Figures) by extensions ['colcon_meta']
[0.986s] Level 1:colcon.colcon_core.package_identification:_identify(a-star-path-planning/Figures) by extension 'colcon_meta'
[0.986s] Level 1:colcon.colcon_core.package_identification:_identify(a-star-path-planning/Figures) by extensions ['ros']
[0.986s] Level 1:colcon.colcon_core.package_identification:_identify(a-star-path-planning/Figures) by extension 'ros'
[0.986s] Level 1:colcon.colcon_core.package_identification:_identify(a-star-path-planning/Figures) by extensions ['cmake', 'python']
[0.986s] Level 1:colcon.colcon_core.package_identification:_identify(a-star-path-planning/Figures) by extension 'cmake'
[0.987s] Level 1:colcon.colcon_core.package_identification:_identify(a-star-path-planning/Figures) by extension 'python'
[0.987s] Level 1:colcon.colcon_core.package_identification:_identify(a-star-path-planning/Figures) by extensions ['python_setup_py']
[0.987s] Level 1:colcon.colcon_core.package_identification:_identify(a-star-path-planning/Figures) by extension 'python_setup_py'
[0.987s] Level 1:colcon.colcon_core.package_identification:_identify(build) by extensions ['ignore', 'ignore_ament_install']
[0.987s] Level 1:colcon.colcon_core.package_identification:_identify(build) by extension 'ignore'
[0.988s] Level 1:colcon.colcon_core.package_identification:_identify(build) ignored
[0.988s] Level 1:colcon.colcon_core.package_identification:_identify(install) by extensions ['ignore', 'ignore_ament_install']
[0.989s] Level 1:colcon.colcon_core.package_identification:_identify(install) by extension 'ignore'
[0.989s] Level 1:colcon.colcon_core.package_identification:_identify(install) ignored
[0.989s] Level 1:colcon.colcon_core.package_identification:_identify(log) by extensions ['ignore', 'ignore_ament_install']
[0.989s] Level 1:colcon.colcon_core.package_identification:_identify(log) by extension 'ignore'
[0.989s] Level 1:colcon.colcon_core.package_identification:_identify(log) ignored
[0.990s] Level 1:colcon.colcon_core.package_identification:_identify(src) by extensions ['ignore', 'ignore_ament_install']
[0.990s] Level 1:colcon.colcon_core.package_identification:_identify(src) by extension 'ignore'
[0.990s] Level 1:colcon.colcon_core.package_identification:_identify(src) by extension 'ignore_ament_install'
[0.990s] Level 1:colcon.colcon_core.package_identification:_identify(src) by extensions ['colcon_pkg']
[0.990s] Level 1:colcon.colcon_core.package_identification:_identify(src) by extension 'colcon_pkg'
[0.990s] Level 1:colcon.colcon_core.package_identification:_identify(src) by extensions ['colcon_meta']
[0.990s] Level 1:colcon.colcon_core.package_identification:_identify(src) by extension 'colcon_meta'
[0.991s] Level 1:colcon.colcon_core.package_identification:_identify(src) by extensions ['ros']
[0.991s] Level 1:colcon.colcon_core.package_identification:_identify(src) by extension 'ros'
[0.991s] Level 1:colcon.colcon_core.package_identification:_identify(src) by extensions ['cmake', 'python']
[0.991s] Level 1:colcon.colcon_core.package_identification:_identify(src) by extension 'cmake'
[0.991s] Level 1:colcon.colcon_core.package_identification:_identify(src) by extension 'python'
[0.992s] Level 1:colcon.colcon_core.package_identification:_identify(src) by extensions ['python_setup_py']
[0.992s] Level 1:colcon.colcon_core.package_identification:_identify(src) by extension 'python_setup_py'
[0.993s] Level 1:colcon.colcon_core.package_identification:_identify(src/build) by extensions ['ignore', 'ignore_ament_install']
[0.993s] Level 1:colcon.colcon_core.package_identification:_identify(src/build) by extension 'ignore'
[0.993s] Level 1:colcon.colcon_core.package_identification:_identify(src/build) ignored
[0.994s] Level 1:colcon.colcon_core.package_identification:_identify(src/install) by extensions ['ignore', 'ignore_ament_install']
[0.994s] Level 1:colcon.colcon_core.package_identification:_identify(src/install) by extension 'ignore'
[0.995s] Level 1:colcon.colcon_core.package_identification:_identify(src/install) ignored
[0.996s] Level 1:colcon.colcon_core.package_identification:_identify(src/log) by extensions ['ignore', 'ignore_ament_install']
[0.996s] Level 1:colcon.colcon_core.package_identification:_identify(src/log) by extension 'ignore'
[0.996s] Level 1:colcon.colcon_core.package_identification:_identify(src/log) ignored
[0.997s] Level 1:colcon.colcon_core.package_identification:_identify(src/turtlebot3_project3) by extensions ['ignore', 'ignore_ament_install']
[0.997s] Level 1:colcon.colcon_core.package_identification:_identify(src/turtlebot3_project3) by extension 'ignore'
[0.997s] Level 1:colcon.colcon_core.package_identification:_identify(src/turtlebot3_project3) by extension 'ignore_ament_install'
[0.997s] Level 1:colcon.colcon_core.package_identification:_identify(src/turtlebot3_project3) by extensions ['colcon_pkg']
[0.997s] Level 1:colcon.colcon_core.package_identification:_identify(src/turtlebot3_project3) by extension 'colcon_pkg'
[0.997s] Level 1:colcon.colcon_core.package_identification:_identify(src/turtlebot3_project3) by extensions ['colcon_meta']
[0.997s] Level 1:colcon.colcon_core.package_identification:_identify(src/turtlebot3_project3) by extension 'colcon_meta'
[0.997s] Level 1:colcon.colcon_core.package_identification:_identify(src/turtlebot3_project3) by extensions ['ros']
[0.997s] Level 1:colcon.colcon_core.package_identification:_identify(src/turtlebot3_project3) by extension 'ros'
[1.005s] DEBUG:colcon.colcon_core.package_identification:Package 'src/turtlebot3_project3' with type 'ros.ament_cmake' and name 'turtlebot3_project3'
[1.006s] Level 1:colcon.colcon_core.package_discovery:discover_packages(recursive) using defaults
[1.006s] Level 1:colcon.colcon_core.package_discovery:discover_packages(ignore) discover
[1.006s] Level 1:colcon.colcon_core.package_discovery:discover_packages(ignore) using defaults
[1.006s] Level 1:colcon.colcon_core.package_discovery:discover_packages(path) discover
[1.006s] Level 1:colcon.colcon_core.package_discovery:discover_packages(path) using defaults
[1.152s] Level 1:colcon.colcon_core.package_discovery:discover_packages(prefix_path) check parameters
[1.153s] Level 1:colcon.colcon_core.package_discovery:discover_packages(prefix_path) discover
[1.157s] DEBUG:colcon.colcon_installed_package_information.package_discovery:Found 4 installed packages in /home/pallab/ros2_ws/install
[1.159s] DEBUG:colcon.colcon_installed_package_information.package_discovery:Found 342 installed packages in /opt/ros/humble
[1.162s] Level 1:colcon.colcon_core.package_discovery:discover_packages(prefix_path) using defaults
[1.232s] Level 5:colcon.colcon_core.verb:set package 'turtlebot3_project3' build argument 'cmake_args' from command line to 'None'
[1.233s] Level 5:colcon.colcon_core.verb:set package 'turtlebot3_project3' build argument 'cmake_target' from command line to 'None'
[1.233s] Level 5:colcon.colcon_core.verb:set package 'turtlebot3_project3' build argument 'cmake_target_skip_unavailable' from command line to 'False'
[1.233s] Level 5:colcon.colcon_core.verb:set package 'turtlebot3_project3' build argument 'cmake_clean_cache' from command line to 'False'
[1.233s] Level 5:colcon.colcon_core.verb:set package 'turtlebot3_project3' build argument 'cmake_clean_first' from command line to 'False'
[1.233s] Level 5:colcon.colcon_core.verb:set package 'turtlebot3_project3' build argument 'cmake_force_configure' from command line to 'False'
[1.233s] Level 5:colcon.colcon_core.verb:set package 'turtlebot3_project3' build argument 'ament_cmake_args' from command line to 'None'
[1.233s] Level 5:colcon.colcon_core.verb:set package 'turtlebot3_project3' build argument 'catkin_cmake_args' from command line to 'None'
[1.233s] Level 5:colcon.colcon_core.verb:set package 'turtlebot3_project3' build argument 'catkin_skip_building_tests' from command line to 'False'
[1.233s] DEBUG:colcon.colcon_core.verb:Building package 'turtlebot3_project3' with the following arguments: {'ament_cmake_args': None, 'build_base': '/home/pallab/project4_ws/build/turtlebot3_project3', 'catkin_cmake_args': None, 'catkin_skip_building_tests': False, 'cmake_args': None, 'cmake_clean_cache': False, 'cmake_clean_first': False, 'cmake_force_configure': False, 'cmake_target': None, 'cmake_target_skip_unavailable': False, 'install_base': '/home/pallab/project4_ws/install/turtlebot3_project3', 'merge_install': False, 'path': '/home/pallab/project4_ws/src/turtlebot3_project3', 'symlink_install': False, 'test_result_base': None}
[1.234s] INFO:colcon.colcon_core.executor:Executing jobs using 'parallel' executor
[1.237s] DEBUG:colcon.colcon_parallel_executor.executor.parallel:run_until_complete
[1.238s] INFO:colcon.colcon_ros.task.ament_cmake.build:Building ROS package in '/home/pallab/project4_ws/src/turtlebot3_project3' with build type 'ament_cmake'
[1.238s] INFO:colcon.colcon_cmake.task.cmake.build:Building CMake package in '/home/pallab/project4_ws/src/turtlebot3_project3'
[1.248s] INFO:colcon.colcon_core.plugin_system:Skipping extension 'colcon_core.shell.bat': Not used on non-Windows systems
[1.249s] INFO:colcon.colcon_core.shell:Skip shell extension 'powershell' for command environment: Not usable outside of PowerShell
[1.249s] DEBUG:colcon.colcon_core.shell:Skip shell extension 'dsv' for command environment
[1.291s] DEBUG:colcon.colcon_core.event_handler.log_command:Invoking command in '/home/pallab/project4_ws/build/turtlebot3_project3': CMAKE_PREFIX_PATH=/home/pallab/ros2_ws/install/hospital_robot_spawner:/opt/ros/humble /usr/bin/cmake --build /home/pallab/project4_ws/build/turtlebot3_project3 -- -j16 -l16
[1.607s] DEBUG:colcon.colcon_core.event_handler.log_command:Invoked command in '/home/pallab/project4_ws/build/turtlebot3_project3' returned '0': CMAKE_PREFIX_PATH=/home/pallab/ros2_ws/install/hospital_robot_spawner:/opt/ros/humble /usr/bin/cmake --build /home/pallab/project4_ws/build/turtlebot3_project3 -- -j16 -l16
[1.650s] DEBUG:colcon.colcon_core.event_handler.log_command:Invoking command in '/home/pallab/project4_ws/build/turtlebot3_project3': CMAKE_PREFIX_PATH=/home/pallab/ros2_ws/install/hospital_robot_spawner:/opt/ros/humble /usr/bin/cmake --install /home/pallab/project4_ws/build/turtlebot3_project3
[1.690s] Level 1:colcon.colcon_core.environment:create_environment_scripts_only(turtlebot3_project3)
[1.693s] DEBUG:colcon.colcon_core.event_handler.log_command:Invoked command in '/home/pallab/project4_ws/build/turtlebot3_project3' returned '0': CMAKE_PREFIX_PATH=/home/pallab/ros2_ws/install/hospital_robot_spawner:/opt/ros/humble /usr/bin/cmake --install /home/pallab/project4_ws/build/turtlebot3_project3
[1.700s] Level 1:colcon.colcon_core.environment:checking '/home/pallab/project4_ws/install/turtlebot3_project3' for CMake module files
[1.702s] Level 1:colcon.colcon_core.environment:checking '/home/pallab/project4_ws/install/turtlebot3_project3' for CMake config files
[1.703s] Level 1:colcon.colcon_core.shell:create_environment_hook('turtlebot3_project3', 'cmake_prefix_path')
[1.703s] INFO:colcon.colcon_core.shell:Creating environment hook '/home/pallab/project4_ws/install/turtlebot3_project3/share/turtlebot3_project3/hook/cmake_prefix_path.ps1'
[1.708s] INFO:colcon.colcon_core.shell:Creating environment descriptor '/home/pallab/project4_ws/install/turtlebot3_project3/share/turtlebot3_project3/hook/cmake_prefix_path.dsv'
[1.711s] INFO:colcon.colcon_core.shell:Creating environment hook '/home/pallab/project4_ws/install/turtlebot3_project3/share/turtlebot3_project3/hook/cmake_prefix_path.sh'
[1.715s] Level 1:colcon.colcon_core.environment:checking '/home/pallab/project4_ws/install/turtlebot3_project3/lib'
[1.715s] Level 1:colcon.colcon_core.environment:checking '/home/pallab/project4_ws/install/turtlebot3_project3/bin'
[1.715s] Level 1:colcon.colcon_core.environment:checking '/home/pallab/project4_ws/install/turtlebot3_project3/lib/pkgconfig/turtlebot3_project3.pc'
[1.716s] Level 1:colcon.colcon_core.environment:checking '/home/pallab/project4_ws/install/turtlebot3_project3/lib/python3.10/site-packages'
[1.717s] Level 1:colcon.colcon_core.environment:checking '/home/pallab/project4_ws/install/turtlebot3_project3/bin'
[1.719s] INFO:colcon.colcon_core.shell:Creating package script '/home/pallab/project4_ws/install/turtlebot3_project3/share/turtlebot3_project3/package.ps1'
[1.722s] INFO:colcon.colcon_core.shell:Creating package descriptor '/home/pallab/project4_ws/install/turtlebot3_project3/share/turtlebot3_project3/package.dsv'
[1.723s] INFO:colcon.colcon_core.shell:Creating package script '/home/pallab/project4_ws/install/turtlebot3_project3/share/turtlebot3_project3/package.sh'
[1.726s] INFO:colcon.colcon_core.shell:Creating package script '/home/pallab/project4_ws/install/turtlebot3_project3/share/turtlebot3_project3/package.bash'
[1.728s] INFO:colcon.colcon_core.shell:Creating package script '/home/pallab/project4_ws/install/turtlebot3_project3/share/turtlebot3_project3/package.zsh'
[1.730s] Level 1:colcon.colcon_core.environment:create_file_with_runtime_dependencies(/home/pallab/project4_ws/install/turtlebot3_project3/share/colcon-core/packages/turtlebot3_project3)
[1.732s] Level 1:colcon.colcon_core.environment:create_environment_scripts_only(turtlebot3_project3)
[1.733s] Level 1:colcon.colcon_core.environment:checking '/home/pallab/project4_ws/install/turtlebot3_project3' for CMake module files
[1.733s] Level 1:colcon.colcon_core.environment:checking '/home/pallab/project4_ws/install/turtlebot3_project3' for CMake config files
[1.734s] Level 1:colcon.colcon_core.shell:create_environment_hook('turtlebot3_project3', 'cmake_prefix_path')
[1.734s] INFO:colcon.colcon_core.shell:Creating environment hook '/home/pallab/project4_ws/install/turtlebot3_project3/share/turtlebot3_project3/hook/cmake_prefix_path.ps1'
[1.734s] INFO:colcon.colcon_core.shell:Creating environment descriptor '/home/pallab/project4_ws/install/turtlebot3_project3/share/turtlebot3_project3/hook/cmake_prefix_path.dsv'
[1.736s] INFO:colcon.colcon_core.shell:Creating environment hook '/home/pallab/project4_ws/install/turtlebot3_project3/share/turtlebot3_project3/hook/cmake_prefix_path.sh'
[1.738s] Level 1:colcon.colcon_core.environment:checking '/home/pallab/project4_ws/install/turtlebot3_project3/lib'
[1.738s] Level 1:colcon.colcon_core.environment:checking '/home/pallab/project4_ws/install/turtlebot3_project3/bin'
[1.738s] Level 1:colcon.colcon_core.environment:checking '/home/pallab/project4_ws/install/turtlebot3_project3/lib/pkgconfig/turtlebot3_project3.pc'
[1.740s] Level 1:colcon.colcon_core.environment:checking '/home/pallab/project4_ws/install/turtlebot3_project3/lib/python3.10/site-packages'
[1.740s] Level 1:colcon.colcon_core.environment:checking '/home/pallab/project4_ws/install/turtlebot3_project3/bin'
[1.743s] INFO:colcon.colcon_core.shell:Creating package script '/home/pallab/project4_ws/install/turtlebot3_project3/share/turtlebot3_project3/package.ps1'
[1.744s] INFO:colcon.colcon_core.shell:Creating package descriptor '/home/pallab/project4_ws/install/turtlebot3_project3/share/turtlebot3_project3/package.dsv'
[1.746s] INFO:colcon.colcon_core.shell:Creating package script '/home/pallab/project4_ws/install/turtlebot3_project3/share/turtlebot3_project3/package.sh'
[1.746s] INFO:colcon.colcon_core.shell:Creating package script '/home/pallab/project4_ws/install/turtlebot3_project3/share/turtlebot3_project3/package.bash'
[1.747s] INFO:colcon.colcon_core.shell:Creating package script '/home/pallab/project4_ws/install/turtlebot3_project3/share/turtlebot3_project3/package.zsh'
[1.749s] Level 1:colcon.colcon_core.environment:create_file_with_runtime_dependencies(/home/pallab/project4_ws/install/turtlebot3_project3/share/colcon-core/packages/turtlebot3_project3)
[1.750s] DEBUG:colcon.colcon_parallel_executor.executor.parallel:closing loop
[1.752s] DEBUG:colcon.colcon_parallel_executor.executor.parallel:loop closed
[1.752s] DEBUG:colcon.colcon_parallel_executor.executor.parallel:run_until_complete finished with '0'
[1.753s] DEBUG:colcon.colcon_core.event_reactor:joining thread
[1.834s] INFO:colcon.colcon_core.plugin_system:Skipping extension 'colcon_notification.desktop_notification.notify_send': Could not find 'notify-send'
[1.834s] INFO:colcon.colcon_core.plugin_system:Skipping extension 'colcon_notification.desktop_notification.terminal_notifier': Not used on non-Darwin systems
[1.835s] INFO:colcon.colcon_core.plugin_system:Skipping extension 'colcon_notification.desktop_notification.win32': Not used on non-Windows systems
[1.835s] INFO:colcon.colcon_notification.desktop_notification:Sending desktop notification using 'notify2'
[1.835s] DEBUG:colcon.colcon_notification.desktop_notification.notify2:Failed to initialize notify2: org.freedesktop.DBus.Error.FileNotFound: Failed to connect to socket /run/user/1000/bus: No such file or directory
[1.836s] DEBUG:colcon.colcon_core.event_reactor:joined thread
[1.837s] INFO:colcon.colcon_core.shell:Creating prefix script '/home/pallab/project4_ws/install/local_setup.ps1'
[1.840s] INFO:colcon.colcon_core.shell:Creating prefix util module '/home/pallab/project4_ws/install/_local_setup_util_ps1.py'
[1.843s] INFO:colcon.colcon_core.shell:Creating prefix chain script '/home/pallab/project4_ws/install/setup.ps1'
[1.849s] INFO:colcon.colcon_core.shell:Creating prefix script '/home/pallab/project4_ws/install/local_setup.sh'
[1.851s] INFO:colcon.colcon_core.shell:Creating prefix util module '/home/pallab/project4_ws/install/_local_setup_util_sh.py'
[1.853s] INFO:colcon.colcon_core.shell:Creating prefix chain script '/home/pallab/project4_ws/install/setup.sh'
[1.854s] INFO:colcon.colcon_core.shell:Creating prefix script '/home/pallab/project4_ws/install/local_setup.bash'
[1.855s] INFO:colcon.colcon_core.shell:Creating prefix chain script '/home/pallab/project4_ws/install/setup.bash'
[1.857s] INFO:colcon.colcon_core.shell:Creating prefix script '/home/pallab/project4_ws/install/local_setup.zsh'
[1.857s] INFO:colcon.colcon_core.shell:Creating prefix chain script '/home/pallab/project4_ws/install/setup.zsh'
