[0.264s] DEBUG:colcon:Command line arguments: ['/usr/bin/colcon', 'build']
[0.264s] DEBUG:colcon:Parsed command line arguments: Namespace(log_base=None, log_level=None, verb_name='build', build_base='build', install_base='install', merge_install=False, symlink_install=False, test_result_base=None, continue_on_error=False, executor='parallel', parallel_workers=16, event_handlers=None, ignore_user_meta=False, metas=['./colcon.meta'], base_paths=['.'], packages_ignore=None, packages_ignore_regex=None, paths=None, packages_up_to=None, packages_up_to_regex=None, packages_above=None, packages_above_and_dependencies=None, packages_above_depth=None, packages_select_by_dep=None, packages_skip_by_dep=None, packages_skip_up_to=None, packages_select_build_failed=False, packages_skip_build_finished=False, packages_select_test_failures=False, packages_skip_test_passed=False, packages_select=None, packages_skip=None, packages_select_regex=None, packages_skip_regex=None, packages_start=None, packages_end=None, allow_overriding=[], cmake_args=None, cmake_target=None, cmake_target_skip_unavailable=False, cmake_clean_cache=False, cmake_clean_first=False, cmake_force_configure=False, ament_cmake_args=None, catkin_cmake_args=None, catkin_skip_building_tests=False, mixin_files=None, mixin=None, verb_parser=<colcon_mixin.mixin.mixin_argument.MixinArgumentDecorator object at 0x7ff384fcda80>, verb_extension=<colcon_core.verb.build.BuildVerb object at 0x7ff385197f40>, main=<bound method BuildVerb.main of <colcon_core.verb.build.BuildVerb object at 0x7ff385197f40>>, mixin_verb=('build',))
[0.458s] Level 1:colcon.colcon_core.package_discovery:discover_packages(colcon_meta) check parameters
[0.458s] Level 1:colcon.colcon_core.package_discovery:discover_packages(recursive) check parameters
[0.458s] Level 1:colcon.colcon_core.package_discovery:discover_packages(ignore) check parameters
[0.458s] Level 1:colcon.colcon_core.package_discovery:discover_packages(path) check parameters
[0.458s] Level 1:colcon.colcon_core.package_discovery:discover_packages(colcon_meta) discover
[0.458s] Level 1:colcon.colcon_core.package_discovery:discover_packages(recursive) discover
[0.458s] INFO:colcon.colcon_core.package_discovery:Crawling recursively for packages in '/home/pallab/project4_ws/src'
[0.459s] Level 1:colcon.colcon_core.package_identification:_identify(.) by extensions ['ignore', 'ignore_ament_install']
[0.459s] Level 1:colcon.colcon_core.package_identification:_identify(.) by extension 'ignore'
[0.459s] Level 1:colcon.colcon_core.package_identification:_identify(.) by extension 'ignore_ament_install'
[0.459s] Level 1:colcon.colcon_core.package_identification:_identify(.) by extensions ['colcon_pkg']
[0.459s] Level 1:colcon.colcon_core.package_identification:_identify(.) by extension 'colcon_pkg'
[0.459s] Level 1:colcon.colcon_core.package_identification:_identify(.) by extensions ['colcon_meta']
[0.459s] Level 1:colcon.colcon_core.package_identification:_identify(.) by extension 'colcon_meta'
[0.459s] Level 1:colcon.colcon_core.package_identification:_identify(.) by extensions ['ros']
[0.459s] Level 1:colcon.colcon_core.package_identification:_identify(.) by extension 'ros'
[0.470s] Level 1:colcon.colcon_core.package_identification:_identify(.) by extensions ['cmake', 'python']
[0.470s] Level 1:colcon.colcon_core.package_identification:_identify(.) by extension 'cmake'
[0.470s] Level 1:colcon.colcon_core.package_identification:_identify(.) by extension 'python'
[0.470s] Level 1:colcon.colcon_core.package_identification:_identify(.) by extensions ['python_setup_py']
[0.470s] Level 1:colcon.colcon_core.package_identification:_identify(.) by extension 'python_setup_py'
[0.470s] Level 1:colcon.colcon_core.package_identification:_identify(build) by extensions ['ignore', 'ignore_ament_install']
[0.470s] Level 1:colcon.colcon_core.package_identification:_identify(build) by extension 'ignore'
[0.470s] Level 1:colcon.colcon_core.package_identification:_identify(build) ignored
[0.470s] Level 1:colcon.colcon_core.package_identification:_identify(install) by extensions ['ignore', 'ignore_ament_install']
[0.470s] Level 1:colcon.colcon_core.package_identification:_identify(install) by extension 'ignore'
[0.470s] Level 1:colcon.colcon_core.package_identification:_identify(install) ignored
[0.470s] Level 1:colcon.colcon_core.package_identification:_identify(log) by extensions ['ignore', 'ignore_ament_install']
[0.471s] Level 1:colcon.colcon_core.package_identification:_identify(log) by extension 'ignore'
[0.471s] Level 1:colcon.colcon_core.package_identification:_identify(log) ignored
[0.471s] Level 1:colcon.colcon_core.package_identification:_identify(turtlebot3_project3) by extensions ['ignore', 'ignore_ament_install']
[0.471s] Level 1:colcon.colcon_core.package_identification:_identify(turtlebot3_project3) by extension 'ignore'
[0.471s] Level 1:colcon.colcon_core.package_identification:_identify(turtlebot3_project3) by extension 'ignore_ament_install'
[0.471s] Level 1:colcon.colcon_core.package_identification:_identify(turtlebot3_project3) by extensions ['colcon_pkg']
[0.471s] Level 1:colcon.colcon_core.package_identification:_identify(turtlebot3_project3) by extension 'colcon_pkg'
[0.471s] Level 1:colcon.colcon_core.package_identification:_identify(turtlebot3_project3) by extensions ['colcon_meta']
[0.471s] Level 1:colcon.colcon_core.package_identification:_identify(turtlebot3_project3) by extension 'colcon_meta'
[0.471s] Level 1:colcon.colcon_core.package_identification:_identify(turtlebot3_project3) by extensions ['ros']
[0.471s] Level 1:colcon.colcon_core.package_identification:_identify(turtlebot3_project3) by extension 'ros'
[0.474s] DEBUG:colcon.colcon_core.package_identification:Package 'turtlebot3_project3' with type 'ros.ament_cmake' and name 'turtlebot3_project3'
[0.475s] Level 1:colcon.colcon_core.package_discovery:discover_packages(recursive) using defaults
[0.475s] Level 1:colcon.colcon_core.package_discovery:discover_packages(ignore) discover
[0.475s] Level 1:colcon.colcon_core.package_discovery:discover_packages(ignore) using defaults
[0.475s] Level 1:colcon.colcon_core.package_discovery:discover_packages(path) discover
[0.475s] Level 1:colcon.colcon_core.package_discovery:discover_packages(path) using defaults
[0.503s] Level 1:colcon.colcon_core.package_discovery:discover_packages(prefix_path) check parameters
[0.503s] Level 1:colcon.colcon_core.package_discovery:discover_packages(prefix_path) discover
[0.506s] DEBUG:colcon.colcon_installed_package_information.package_discovery:Found 4 installed packages in /home/pallab/ros2_ws/install
[0.507s] DEBUG:colcon.colcon_installed_package_information.package_discovery:Found 342 installed packages in /opt/ros/humble
[0.508s] Level 1:colcon.colcon_core.package_discovery:discover_packages(prefix_path) using defaults
[0.565s] Level 5:colcon.colcon_core.verb:set package 'turtlebot3_project3' build argument 'cmake_args' from command line to 'None'
[0.565s] Level 5:colcon.colcon_core.verb:set package 'turtlebot3_project3' build argument 'cmake_target' from command line to 'None'
[0.565s] Level 5:colcon.colcon_core.verb:set package 'turtlebot3_project3' build argument 'cmake_target_skip_unavailable' from command line to 'False'
[0.565s] Level 5:colcon.colcon_core.verb:set package 'turtlebot3_project3' build argument 'cmake_clean_cache' from command line to 'False'
[0.565s] Level 5:colcon.colcon_core.verb:set package 'turtlebot3_project3' build argument 'cmake_clean_first' from command line to 'False'
[0.565s] Level 5:colcon.colcon_core.verb:set package 'turtlebot3_project3' build argument 'cmake_force_configure' from command line to 'False'
[0.565s] Level 5:colcon.colcon_core.verb:set package 'turtlebot3_project3' build argument 'ament_cmake_args' from command line to 'None'
[0.565s] Level 5:colcon.colcon_core.verb:set package 'turtlebot3_project3' build argument 'catkin_cmake_args' from command line to 'None'
[0.565s] Level 5:colcon.colcon_core.verb:set package 'turtlebot3_project3' build argument 'catkin_skip_building_tests' from command line to 'False'
[0.565s] DEBUG:colcon.colcon_core.verb:Building package 'turtlebot3_project3' with the following arguments: {'ament_cmake_args': None, 'build_base': '/home/pallab/project4_ws/src/build/turtlebot3_project3', 'catkin_cmake_args': None, 'catkin_skip_building_tests': False, 'cmake_args': None, 'cmake_clean_cache': False, 'cmake_clean_first': False, 'cmake_force_configure': False, 'cmake_target': None, 'cmake_target_skip_unavailable': False, 'install_base': '/home/pallab/project4_ws/src/install/turtlebot3_project3', 'merge_install': False, 'path': '/home/pallab/project4_ws/src/turtlebot3_project3', 'symlink_install': False, 'test_result_base': None}
[0.566s] INFO:colcon.colcon_core.executor:Executing jobs using 'parallel' executor
[0.568s] DEBUG:colcon.colcon_parallel_executor.executor.parallel:run_until_complete
[0.568s] INFO:colcon.colcon_ros.task.ament_cmake.build:Building ROS package in '/home/pallab/project4_ws/src/turtlebot3_project3' with build type 'ament_cmake'
[0.568s] INFO:colcon.colcon_cmake.task.cmake.build:Building CMake package in '/home/pallab/project4_ws/src/turtlebot3_project3'
[0.571s] INFO:colcon.colcon_core.plugin_system:Skipping extension 'colcon_core.shell.bat': Not used on non-Windows systems
[0.571s] INFO:colcon.colcon_core.shell:Skip shell extension 'powershell' for command environment: Not usable outside of PowerShell
[0.571s] DEBUG:colcon.colcon_core.shell:Skip shell extension 'dsv' for command environment
[0.672s] DEBUG:colcon.colcon_core.event_handler.log_command:Invoking command in '/home/pallab/project4_ws/src/build/turtlebot3_project3': CMAKE_PREFIX_PATH=/home/pallab/ros2_ws/install/hospital_robot_spawner:/opt/ros/humble /usr/bin/cmake --build /home/pallab/project4_ws/src/build/turtlebot3_project3 -- -j16 -l16
[13.137s] DEBUG:colcon.colcon_core.event_handler.log_command:Invoked command in '/home/pallab/project4_ws/src/build/turtlebot3_project3' returned '0': CMAKE_PREFIX_PATH=/home/pallab/ros2_ws/install/hospital_robot_spawner:/opt/ros/humble /usr/bin/cmake --build /home/pallab/project4_ws/src/build/turtlebot3_project3 -- -j16 -l16
[13.183s] DEBUG:colcon.colcon_core.event_handler.log_command:Invoking command in '/home/pallab/project4_ws/src/build/turtlebot3_project3': CMAKE_PREFIX_PATH=/home/pallab/ros2_ws/install/hospital_robot_spawner:/opt/ros/humble /usr/bin/cmake --install /home/pallab/project4_ws/src/build/turtlebot3_project3
[13.227s] Level 1:colcon.colcon_core.environment:create_environment_scripts_only(turtlebot3_project3)
[13.228s] DEBUG:colcon.colcon_core.event_handler.log_command:Invoked command in '/home/pallab/project4_ws/src/build/turtlebot3_project3' returned '0': CMAKE_PREFIX_PATH=/home/pallab/ros2_ws/install/hospital_robot_spawner:/opt/ros/humble /usr/bin/cmake --install /home/pallab/project4_ws/src/build/turtlebot3_project3
[13.233s] Level 1:colcon.colcon_core.environment:checking '/home/pallab/project4_ws/src/install/turtlebot3_project3' for CMake module files
[13.234s] Level 1:colcon.colcon_core.environment:checking '/home/pallab/project4_ws/src/install/turtlebot3_project3' for CMake config files
[13.234s] Level 1:colcon.colcon_core.shell:create_environment_hook('turtlebot3_project3', 'cmake_prefix_path')
[13.234s] INFO:colcon.colcon_core.shell:Creating environment hook '/home/pallab/project4_ws/src/install/turtlebot3_project3/share/turtlebot3_project3/hook/cmake_prefix_path.ps1'
[13.236s] INFO:colcon.colcon_core.shell:Creating environment descriptor '/home/pallab/project4_ws/src/install/turtlebot3_project3/share/turtlebot3_project3/hook/cmake_prefix_path.dsv'
[13.236s] INFO:colcon.colcon_core.shell:Creating environment hook '/home/pallab/project4_ws/src/install/turtlebot3_project3/share/turtlebot3_project3/hook/cmake_prefix_path.sh'
[13.237s] Level 1:colcon.colcon_core.environment:checking '/home/pallab/project4_ws/src/install/turtlebot3_project3/lib'
[13.237s] Level 1:colcon.colcon_core.environment:checking '/home/pallab/project4_ws/src/install/turtlebot3_project3/bin'
[13.237s] Level 1:colcon.colcon_core.environment:checking '/home/pallab/project4_ws/src/install/turtlebot3_project3/lib/pkgconfig/turtlebot3_project3.pc'
[13.238s] Level 1:colcon.colcon_core.environment:checking '/home/pallab/project4_ws/src/install/turtlebot3_project3/lib/python3.10/site-packages'
[13.238s] Level 1:colcon.colcon_core.environment:checking '/home/pallab/project4_ws/src/install/turtlebot3_project3/bin'
[13.238s] INFO:colcon.colcon_core.shell:Creating package script '/home/pallab/project4_ws/src/install/turtlebot3_project3/share/turtlebot3_project3/package.ps1'
[13.239s] INFO:colcon.colcon_core.shell:Creating package descriptor '/home/pallab/project4_ws/src/install/turtlebot3_project3/share/turtlebot3_project3/package.dsv'
[13.240s] INFO:colcon.colcon_core.shell:Creating package script '/home/pallab/project4_ws/src/install/turtlebot3_project3/share/turtlebot3_project3/package.sh'
[13.240s] INFO:colcon.colcon_core.shell:Creating package script '/home/pallab/project4_ws/src/install/turtlebot3_project3/share/turtlebot3_project3/package.bash'
[13.241s] INFO:colcon.colcon_core.shell:Creating package script '/home/pallab/project4_ws/src/install/turtlebot3_project3/share/turtlebot3_project3/package.zsh'
[13.242s] Level 1:colcon.colcon_core.environment:create_file_with_runtime_dependencies(/home/pallab/project4_ws/src/install/turtlebot3_project3/share/colcon-core/packages/turtlebot3_project3)
[13.243s] Level 1:colcon.colcon_core.environment:create_environment_scripts_only(turtlebot3_project3)
[13.243s] Level 1:colcon.colcon_core.environment:checking '/home/pallab/project4_ws/src/install/turtlebot3_project3' for CMake module files
[13.243s] Level 1:colcon.colcon_core.environment:checking '/home/pallab/project4_ws/src/install/turtlebot3_project3' for CMake config files
[13.244s] Level 1:colcon.colcon_core.shell:create_environment_hook('turtlebot3_project3', 'cmake_prefix_path')
[13.244s] INFO:colcon.colcon_core.shell:Creating environment hook '/home/pallab/project4_ws/src/install/turtlebot3_project3/share/turtlebot3_project3/hook/cmake_prefix_path.ps1'
[13.244s] INFO:colcon.colcon_core.shell:Creating environment descriptor '/home/pallab/project4_ws/src/install/turtlebot3_project3/share/turtlebot3_project3/hook/cmake_prefix_path.dsv'
[13.244s] INFO:colcon.colcon_core.shell:Creating environment hook '/home/pallab/project4_ws/src/install/turtlebot3_project3/share/turtlebot3_project3/hook/cmake_prefix_path.sh'
[13.245s] Level 1:colcon.colcon_core.environment:checking '/home/pallab/project4_ws/src/install/turtlebot3_project3/lib'
[13.245s] Level 1:colcon.colcon_core.environment:checking '/home/pallab/project4_ws/src/install/turtlebot3_project3/bin'
[13.245s] Level 1:colcon.colcon_core.environment:checking '/home/pallab/project4_ws/src/install/turtlebot3_project3/lib/pkgconfig/turtlebot3_project3.pc'
[13.245s] Level 1:colcon.colcon_core.environment:checking '/home/pallab/project4_ws/src/install/turtlebot3_project3/lib/python3.10/site-packages'
[13.245s] Level 1:colcon.colcon_core.environment:checking '/home/pallab/project4_ws/src/install/turtlebot3_project3/bin'
[13.246s] INFO:colcon.colcon_core.shell:Creating package script '/home/pallab/project4_ws/src/install/turtlebot3_project3/share/turtlebot3_project3/package.ps1'
[13.246s] INFO:colcon.colcon_core.shell:Creating package descriptor '/home/pallab/project4_ws/src/install/turtlebot3_project3/share/turtlebot3_project3/package.dsv'
[13.246s] INFO:colcon.colcon_core.shell:Creating package script '/home/pallab/project4_ws/src/install/turtlebot3_project3/share/turtlebot3_project3/package.sh'
[13.247s] INFO:colcon.colcon_core.shell:Creating package script '/home/pallab/project4_ws/src/install/turtlebot3_project3/share/turtlebot3_project3/package.bash'
[13.247s] INFO:colcon.colcon_core.shell:Creating package script '/home/pallab/project4_ws/src/install/turtlebot3_project3/share/turtlebot3_project3/package.zsh'
[13.248s] Level 1:colcon.colcon_core.environment:create_file_with_runtime_dependencies(/home/pallab/project4_ws/src/install/turtlebot3_project3/share/colcon-core/packages/turtlebot3_project3)
[13.277s] DEBUG:colcon.colcon_parallel_executor.executor.parallel:closing loop
[13.278s] DEBUG:colcon.colcon_parallel_executor.executor.parallel:loop closed
[13.278s] DEBUG:colcon.colcon_parallel_executor.executor.parallel:run_until_complete finished with '0'
[13.278s] DEBUG:colcon.colcon_core.event_reactor:joining thread
[13.313s] INFO:colcon.colcon_core.plugin_system:Skipping extension 'colcon_notification.desktop_notification.notify_send': Could not find 'notify-send'
[13.313s] INFO:colcon.colcon_core.plugin_system:Skipping extension 'colcon_notification.desktop_notification.terminal_notifier': Not used on non-Darwin systems
[13.313s] INFO:colcon.colcon_core.plugin_system:Skipping extension 'colcon_notification.desktop_notification.win32': Not used on non-Windows systems
[13.313s] INFO:colcon.colcon_notification.desktop_notification:Sending desktop notification using 'notify2'
[13.314s] DEBUG:colcon.colcon_notification.desktop_notification.notify2:Failed to initialize notify2: org.freedesktop.DBus.Error.FileNotFound: Failed to connect to socket /run/user/1000/bus: No such file or directory
[13.314s] DEBUG:colcon.colcon_core.event_reactor:joined thread
[13.314s] INFO:colcon.colcon_core.shell:Creating prefix script '/home/pallab/project4_ws/src/install/local_setup.ps1'
[13.315s] INFO:colcon.colcon_core.shell:Creating prefix util module '/home/pallab/project4_ws/src/install/_local_setup_util_ps1.py'
[13.316s] INFO:colcon.colcon_core.shell:Creating prefix chain script '/home/pallab/project4_ws/src/install/setup.ps1'
[13.317s] INFO:colcon.colcon_core.shell:Creating prefix script '/home/pallab/project4_ws/src/install/local_setup.sh'
[13.318s] INFO:colcon.colcon_core.shell:Creating prefix util module '/home/pallab/project4_ws/src/install/_local_setup_util_sh.py'
[13.318s] INFO:colcon.colcon_core.shell:Creating prefix chain script '/home/pallab/project4_ws/src/install/setup.sh'
[13.319s] INFO:colcon.colcon_core.shell:Creating prefix script '/home/pallab/project4_ws/src/install/local_setup.bash'
[13.319s] INFO:colcon.colcon_core.shell:Creating prefix chain script '/home/pallab/project4_ws/src/install/setup.bash'
[13.320s] INFO:colcon.colcon_core.shell:Creating prefix script '/home/pallab/project4_ws/src/install/local_setup.zsh'
[13.321s] INFO:colcon.colcon_core.shell:Creating prefix chain script '/home/pallab/project4_ws/src/install/setup.zsh'
