[0.232s] DEBUG:colcon:Command line arguments: ['/usr/bin/colcon', 'build']
[0.232s] DEBUG:colcon:Parsed command line arguments: Namespace(log_base=None, log_level=None, verb_name='build', build_base='build', install_base='install', merge_install=False, symlink_install=False, test_result_base=None, continue_on_error=False, executor='parallel', parallel_workers=16, event_handlers=None, ignore_user_meta=False, metas=['./colcon.meta'], base_paths=['.'], packages_ignore=None, packages_ignore_regex=None, paths=None, packages_up_to=None, packages_up_to_regex=None, packages_above=None, packages_above_and_dependencies=None, packages_above_depth=None, packages_select_by_dep=None, packages_skip_by_dep=None, packages_skip_up_to=None, packages_select_build_failed=False, packages_skip_build_finished=False, packages_select_test_failures=False, packages_skip_test_passed=False, packages_select=None, packages_skip=None, packages_select_regex=None, packages_skip_regex=None, packages_start=None, packages_end=None, allow_overriding=[], cmake_args=None, cmake_target=None, cmake_target_skip_unavailable=False, cmake_clean_cache=False, cmake_clean_first=False, cmake_force_configure=False, ament_cmake_args=None, catkin_cmake_args=None, catkin_skip_building_tests=False, mixin_files=None, mixin=None, verb_parser=<colcon_mixin.mixin.mixin_argument.MixinArgumentDecorator object at 0x7fb33c965ab0>, verb_extension=<colcon_core.verb.build.BuildVerb object at 0x7fb33cb33f70>, main=<bound method BuildVerb.main of <colcon_core.verb.build.BuildVerb object at 0x7fb33cb33f70>>, mixin_verb=('build',))
[0.437s] Level 1:colcon.colcon_core.package_discovery:discover_packages(colcon_meta) check parameters
[0.437s] Level 1:colcon.colcon_core.package_discovery:discover_packages(recursive) check parameters
[0.437s] Level 1:colcon.colcon_core.package_discovery:discover_packages(ignore) check parameters
[0.437s] Level 1:colcon.colcon_core.package_discovery:discover_packages(path) check parameters
[0.437s] Level 1:colcon.colcon_core.package_discovery:discover_packages(colcon_meta) discover
[0.437s] Level 1:colcon.colcon_core.package_discovery:discover_packages(recursive) discover
[0.437s] INFO:colcon.colcon_core.package_discovery:Crawling recursively for packages in '/home/pallab/project4_ws'
[0.437s] Level 1:colcon.colcon_core.package_identification:_identify(.) by extensions ['ignore', 'ignore_ament_install']
[0.438s] Level 1:colcon.colcon_core.package_identification:_identify(.) by extension 'ignore'
[0.438s] Level 1:colcon.colcon_core.package_identification:_identify(.) by extension 'ignore_ament_install'
[0.438s] Level 1:colcon.colcon_core.package_identification:_identify(.) by extensions ['colcon_pkg']
[0.438s] Level 1:colcon.colcon_core.package_identification:_identify(.) by extension 'colcon_pkg'
[0.438s] Level 1:colcon.colcon_core.package_identification:_identify(.) by extensions ['colcon_meta']
[0.438s] Level 1:colcon.colcon_core.package_identification:_identify(.) by extension 'colcon_meta'
[0.438s] Level 1:colcon.colcon_core.package_identification:_identify(.) by extensions ['ros']
[0.438s] Level 1:colcon.colcon_core.package_identification:_identify(.) by extension 'ros'
[0.455s] Level 1:colcon.colcon_core.package_identification:_identify(.) by extensions ['cmake', 'python']
[0.455s] Level 1:colcon.colcon_core.package_identification:_identify(.) by extension 'cmake'
[0.455s] Level 1:colcon.colcon_core.package_identification:_identify(.) by extension 'python'
[0.455s] Level 1:colcon.colcon_core.package_identification:_identify(.) by extensions ['python_setup_py']
[0.455s] Level 1:colcon.colcon_core.package_identification:_identify(.) by extension 'python_setup_py'
[0.455s] Level 1:colcon.colcon_core.package_identification:_identify(a-star-path-planning) by extensions ['ignore', 'ignore_ament_install']
[0.455s] Level 1:colcon.colcon_core.package_identification:_identify(a-star-path-planning) by extension 'ignore'
[0.455s] Level 1:colcon.colcon_core.package_identification:_identify(a-star-path-planning) by extension 'ignore_ament_install'
[0.455s] Level 1:colcon.colcon_core.package_identification:_identify(a-star-path-planning) by extensions ['colcon_pkg']
[0.455s] Level 1:colcon.colcon_core.package_identification:_identify(a-star-path-planning) by extension 'colcon_pkg'
[0.455s] Level 1:colcon.colcon_core.package_identification:_identify(a-star-path-planning) by extensions ['colcon_meta']
[0.456s] Level 1:colcon.colcon_core.package_identification:_identify(a-star-path-planning) by extension 'colcon_meta'
[0.456s] Level 1:colcon.colcon_core.package_identification:_identify(a-star-path-planning) by extensions ['ros']
[0.456s] Level 1:colcon.colcon_core.package_identification:_identify(a-star-path-planning) by extension 'ros'
[0.456s] Level 1:colcon.colcon_core.package_identification:_identify(a-star-path-planning) by extensions ['cmake', 'python']
[0.456s] Level 1:colcon.colcon_core.package_identification:_identify(a-star-path-planning) by extension 'cmake'
[0.456s] Level 1:colcon.colcon_core.package_identification:_identify(a-star-path-planning) by extension 'python'
[0.456s] Level 1:colcon.colcon_core.package_identification:_identify(a-star-path-planning) by extensions ['python_setup_py']
[0.456s] Level 1:colcon.colcon_core.package_identification:_identify(a-star-path-planning) by extension 'python_setup_py'
[0.456s] Level 1:colcon.colcon_core.package_identification:_identify(a-star-path-planning/Figures) by extensions ['ignore', 'ignore_ament_install']
[0.456s] Level 1:colcon.colcon_core.package_identification:_identify(a-star-path-planning/Figures) by extension 'ignore'
[0.456s] Level 1:colcon.colcon_core.package_identification:_identify(a-star-path-planning/Figures) by extension 'ignore_ament_install'
[0.456s] Level 1:colcon.colcon_core.package_identification:_identify(a-star-path-planning/Figures) by extensions ['colcon_pkg']
[0.456s] Level 1:colcon.colcon_core.package_identification:_identify(a-star-path-planning/Figures) by extension 'colcon_pkg'
[0.456s] Level 1:colcon.colcon_core.package_identification:_identify(a-star-path-planning/Figures) by extensions ['colcon_meta']
[0.456s] Level 1:colcon.colcon_core.package_identification:_identify(a-star-path-planning/Figures) by extension 'colcon_meta'
[0.456s] Level 1:colcon.colcon_core.package_identification:_identify(a-star-path-planning/Figures) by extensions ['ros']
[0.456s] Level 1:colcon.colcon_core.package_identification:_identify(a-star-path-planning/Figures) by extension 'ros'
[0.456s] Level 1:colcon.colcon_core.package_identification:_identify(a-star-path-planning/Figures) by extensions ['cmake', 'python']
[0.456s] Level 1:colcon.colcon_core.package_identification:_identify(a-star-path-planning/Figures) by extension 'cmake'
[0.456s] Level 1:colcon.colcon_core.package_identification:_identify(a-star-path-planning/Figures) by extension 'python'
[0.457s] Level 1:colcon.colcon_core.package_identification:_identify(a-star-path-planning/Figures) by extensions ['python_setup_py']
[0.457s] Level 1:colcon.colcon_core.package_identification:_identify(a-star-path-planning/Figures) by extension 'python_setup_py'
[0.457s] Level 1:colcon.colcon_core.package_identification:_identify(build) by extensions ['ignore', 'ignore_ament_install']
[0.457s] Level 1:colcon.colcon_core.package_identification:_identify(build) by extension 'ignore'
[0.457s] Level 1:colcon.colcon_core.package_identification:_identify(build) ignored
[0.457s] Level 1:colcon.colcon_core.package_identification:_identify(install) by extensions ['ignore', 'ignore_ament_install']
[0.457s] Level 1:colcon.colcon_core.package_identification:_identify(install) by extension 'ignore'
[0.457s] Level 1:colcon.colcon_core.package_identification:_identify(install) ignored
[0.457s] Level 1:colcon.colcon_core.package_identification:_identify(log) by extensions ['ignore', 'ignore_ament_install']
[0.457s] Level 1:colcon.colcon_core.package_identification:_identify(log) by extension 'ignore'
[0.457s] Level 1:colcon.colcon_core.package_identification:_identify(log) ignored
[0.457s] Level 1:colcon.colcon_core.package_identification:_identify(src) by extensions ['ignore', 'ignore_ament_install']
[0.457s] Level 1:colcon.colcon_core.package_identification:_identify(src) by extension 'ignore'
[0.457s] Level 1:colcon.colcon_core.package_identification:_identify(src) by extension 'ignore_ament_install'
[0.457s] Level 1:colcon.colcon_core.package_identification:_identify(src) by extensions ['colcon_pkg']
[0.458s] Level 1:colcon.colcon_core.package_identification:_identify(src) by extension 'colcon_pkg'
[0.458s] Level 1:colcon.colcon_core.package_identification:_identify(src) by extensions ['colcon_meta']
[0.458s] Level 1:colcon.colcon_core.package_identification:_identify(src) by extension 'colcon_meta'
[0.458s] Level 1:colcon.colcon_core.package_identification:_identify(src) by extensions ['ros']
[0.458s] Level 1:colcon.colcon_core.package_identification:_identify(src) by extension 'ros'
[0.458s] Level 1:colcon.colcon_core.package_identification:_identify(src) by extensions ['cmake', 'python']
[0.458s] Level 1:colcon.colcon_core.package_identification:_identify(src) by extension 'cmake'
[0.458s] Level 1:colcon.colcon_core.package_identification:_identify(src) by extension 'python'
[0.458s] Level 1:colcon.colcon_core.package_identification:_identify(src) by extensions ['python_setup_py']
[0.458s] Level 1:colcon.colcon_core.package_identification:_identify(src) by extension 'python_setup_py'
[0.458s] Level 1:colcon.colcon_core.package_identification:_identify(src/build) by extensions ['ignore', 'ignore_ament_install']
[0.458s] Level 1:colcon.colcon_core.package_identification:_identify(src/build) by extension 'ignore'
[0.458s] Level 1:colcon.colcon_core.package_identification:_identify(src/build) ignored
[0.458s] Level 1:colcon.colcon_core.package_identification:_identify(src/install) by extensions ['ignore', 'ignore_ament_install']
[0.459s] Level 1:colcon.colcon_core.package_identification:_identify(src/install) by extension 'ignore'
[0.459s] Level 1:colcon.colcon_core.package_identification:_identify(src/install) ignored
[0.459s] Level 1:colcon.colcon_core.package_identification:_identify(src/log) by extensions ['ignore', 'ignore_ament_install']
[0.459s] Level 1:colcon.colcon_core.package_identification:_identify(src/log) by extension 'ignore'
[0.459s] Level 1:colcon.colcon_core.package_identification:_identify(src/log) ignored
[0.459s] Level 1:colcon.colcon_core.package_identification:_identify(src/turtlebot3_project3) by extensions ['ignore', 'ignore_ament_install']
[0.459s] Level 1:colcon.colcon_core.package_identification:_identify(src/turtlebot3_project3) by extension 'ignore'
[0.459s] Level 1:colcon.colcon_core.package_identification:_identify(src/turtlebot3_project3) by extension 'ignore_ament_install'
[0.459s] Level 1:colcon.colcon_core.package_identification:_identify(src/turtlebot3_project3) by extensions ['colcon_pkg']
[0.459s] Level 1:colcon.colcon_core.package_identification:_identify(src/turtlebot3_project3) by extension 'colcon_pkg'
[0.459s] Level 1:colcon.colcon_core.package_identification:_identify(src/turtlebot3_project3) by extensions ['colcon_meta']
[0.459s] Level 1:colcon.colcon_core.package_identification:_identify(src/turtlebot3_project3) by extension 'colcon_meta'
[0.459s] Level 1:colcon.colcon_core.package_identification:_identify(src/turtlebot3_project3) by extensions ['ros']
[0.459s] Level 1:colcon.colcon_core.package_identification:_identify(src/turtlebot3_project3) by extension 'ros'
[0.463s] DEBUG:colcon.colcon_core.package_identification:Package 'src/turtlebot3_project3' with type 'ros.ament_cmake' and name 'turtlebot3_project3'
[0.463s] Level 1:colcon.colcon_core.package_discovery:discover_packages(recursive) using defaults
[0.463s] Level 1:colcon.colcon_core.package_discovery:discover_packages(ignore) discover
[0.463s] Level 1:colcon.colcon_core.package_discovery:discover_packages(ignore) using defaults
[0.463s] Level 1:colcon.colcon_core.package_discovery:discover_packages(path) discover
[0.463s] Level 1:colcon.colcon_core.package_discovery:discover_packages(path) using defaults
[0.500s] Level 1:colcon.colcon_core.package_discovery:discover_packages(prefix_path) check parameters
[0.500s] Level 1:colcon.colcon_core.package_discovery:discover_packages(prefix_path) discover
[0.503s] DEBUG:colcon.colcon_installed_package_information.package_discovery:Found 1 installed packages in /home/pallab/project4_ws/install
[0.503s] DEBUG:colcon.colcon_installed_package_information.package_discovery:Found 1 installed packages in /home/pallab/project3_ws/install
[0.504s] DEBUG:colcon.colcon_installed_package_information.package_discovery:Found 4 installed packages in /home/pallab/ros2_ws/install
[0.506s] DEBUG:colcon.colcon_installed_package_information.package_discovery:Found 342 installed packages in /opt/ros/humble
[0.508s] Level 1:colcon.colcon_core.package_discovery:discover_packages(prefix_path) using defaults
[0.102s] Level 5:colcon.colcon_core.verb:set package 'turtlebot3_project3' build argument 'cmake_args' from command line to 'None'
[0.102s] Level 5:colcon.colcon_core.verb:set package 'turtlebot3_project3' build argument 'cmake_target' from command line to 'None'
[0.102s] Level 5:colcon.colcon_core.verb:set package 'turtlebot3_project3' build argument 'cmake_target_skip_unavailable' from command line to 'False'
[0.102s] Level 5:colcon.colcon_core.verb:set package 'turtlebot3_project3' build argument 'cmake_clean_cache' from command line to 'False'
[0.102s] Level 5:colcon.colcon_core.verb:set package 'turtlebot3_project3' build argument 'cmake_clean_first' from command line to 'False'
[0.102s] Level 5:colcon.colcon_core.verb:set package 'turtlebot3_project3' build argument 'cmake_force_configure' from command line to 'False'
[0.102s] Level 5:colcon.colcon_core.verb:set package 'turtlebot3_project3' build argument 'ament_cmake_args' from command line to 'None'
[0.102s] Level 5:colcon.colcon_core.verb:set package 'turtlebot3_project3' build argument 'catkin_cmake_args' from command line to 'None'
[0.102s] Level 5:colcon.colcon_core.verb:set package 'turtlebot3_project3' build argument 'catkin_skip_building_tests' from command line to 'False'
[0.102s] DEBUG:colcon.colcon_core.verb:Building package 'turtlebot3_project3' with the following arguments: {'ament_cmake_args': None, 'build_base': '/home/pallab/project4_ws/build/turtlebot3_project3', 'catkin_cmake_args': None, 'catkin_skip_building_tests': False, 'cmake_args': None, 'cmake_clean_cache': False, 'cmake_clean_first': False, 'cmake_force_configure': False, 'cmake_target': None, 'cmake_target_skip_unavailable': False, 'install_base': '/home/pallab/project4_ws/install/turtlebot3_project3', 'merge_install': False, 'path': '/home/pallab/project4_ws/src/turtlebot3_project3', 'symlink_install': False, 'test_result_base': None}
[0.102s] INFO:colcon.colcon_core.executor:Executing jobs using 'parallel' executor
[0.103s] DEBUG:colcon.colcon_parallel_executor.executor.parallel:run_until_complete
[0.103s] INFO:colcon.colcon_ros.task.ament_cmake.build:Building ROS package in '/home/pallab/project4_ws/src/turtlebot3_project3' with build type 'ament_cmake'
[0.103s] INFO:colcon.colcon_cmake.task.cmake.build:Building CMake package in '/home/pallab/project4_ws/src/turtlebot3_project3'
[0.106s] INFO:colcon.colcon_core.plugin_system:Skipping extension 'colcon_core.shell.bat': Not used on non-Windows systems
[0.106s] INFO:colcon.colcon_core.shell:Skip shell extension 'powershell' for command environment: Not usable outside of PowerShell
[0.106s] DEBUG:colcon.colcon_core.shell:Skip shell extension 'dsv' for command environment
[0.120s] DEBUG:colcon.colcon_core.event_handler.log_command:Invoking command in '/home/pallab/project4_ws/build/turtlebot3_project3': CMAKE_PREFIX_PATH=${CMAKE_PREFIX_PATH}:/home/pallab/ros2_ws/install/hospital_robot_spawner:/opt/ros/humble /usr/bin/cmake --build /home/pallab/project4_ws/build/turtlebot3_project3 -- -j16 -l16
[0.201s] DEBUG:colcon.colcon_core.event_handler.log_command:Invoked command in '/home/pallab/project4_ws/build/turtlebot3_project3' returned '0': CMAKE_PREFIX_PATH=${CMAKE_PREFIX_PATH}:/home/pallab/ros2_ws/install/hospital_robot_spawner:/opt/ros/humble /usr/bin/cmake --build /home/pallab/project4_ws/build/turtlebot3_project3 -- -j16 -l16
[0.211s] DEBUG:colcon.colcon_core.event_handler.log_command:Invoking command in '/home/pallab/project4_ws/build/turtlebot3_project3': CMAKE_PREFIX_PATH=${CMAKE_PREFIX_PATH}:/home/pallab/ros2_ws/install/hospital_robot_spawner:/opt/ros/humble /usr/bin/cmake --install /home/pallab/project4_ws/build/turtlebot3_project3
[0.226s] Level 1:colcon.colcon_core.environment:create_environment_scripts_only(turtlebot3_project3)
[0.226s] DEBUG:colcon.colcon_core.event_handler.log_command:Invoked command in '/home/pallab/project4_ws/build/turtlebot3_project3' returned '0': CMAKE_PREFIX_PATH=${CMAKE_PREFIX_PATH}:/home/pallab/ros2_ws/install/hospital_robot_spawner:/opt/ros/humble /usr/bin/cmake --install /home/pallab/project4_ws/build/turtlebot3_project3
[0.229s] Level 1:colcon.colcon_core.environment:checking '/home/pallab/project4_ws/install/turtlebot3_project3' for CMake module files
[0.230s] Level 1:colcon.colcon_core.environment:checking '/home/pallab/project4_ws/install/turtlebot3_project3' for CMake config files
[0.231s] Level 1:colcon.colcon_core.shell:create_environment_hook('turtlebot3_project3', 'cmake_prefix_path')
[0.231s] INFO:colcon.colcon_core.shell:Creating environment hook '/home/pallab/project4_ws/install/turtlebot3_project3/share/turtlebot3_project3/hook/cmake_prefix_path.ps1'
[0.231s] INFO:colcon.colcon_core.shell:Creating environment descriptor '/home/pallab/project4_ws/install/turtlebot3_project3/share/turtlebot3_project3/hook/cmake_prefix_path.dsv'
[0.232s] INFO:colcon.colcon_core.shell:Creating environment hook '/home/pallab/project4_ws/install/turtlebot3_project3/share/turtlebot3_project3/hook/cmake_prefix_path.sh'
[0.232s] Level 1:colcon.colcon_core.environment:checking '/home/pallab/project4_ws/install/turtlebot3_project3/lib'
[0.233s] Level 1:colcon.colcon_core.environment:checking '/home/pallab/project4_ws/install/turtlebot3_project3/bin'
[0.233s] Level 1:colcon.colcon_core.environment:checking '/home/pallab/project4_ws/install/turtlebot3_project3/lib/pkgconfig/turtlebot3_project3.pc'
[0.233s] Level 1:colcon.colcon_core.environment:checking '/home/pallab/project4_ws/install/turtlebot3_project3/lib/python3.10/site-packages'
[0.233s] Level 1:colcon.colcon_core.environment:checking '/home/pallab/project4_ws/install/turtlebot3_project3/bin'
[0.233s] INFO:colcon.colcon_core.shell:Creating package script '/home/pallab/project4_ws/install/turtlebot3_project3/share/turtlebot3_project3/package.ps1'
[0.234s] INFO:colcon.colcon_core.shell:Creating package descriptor '/home/pallab/project4_ws/install/turtlebot3_project3/share/turtlebot3_project3/package.dsv'
[0.234s] INFO:colcon.colcon_core.shell:Creating package script '/home/pallab/project4_ws/install/turtlebot3_project3/share/turtlebot3_project3/package.sh'
[0.235s] INFO:colcon.colcon_core.shell:Creating package script '/home/pallab/project4_ws/install/turtlebot3_project3/share/turtlebot3_project3/package.bash'
[0.236s] INFO:colcon.colcon_core.shell:Creating package script '/home/pallab/project4_ws/install/turtlebot3_project3/share/turtlebot3_project3/package.zsh'
[0.236s] Level 1:colcon.colcon_core.environment:create_file_with_runtime_dependencies(/home/pallab/project4_ws/install/turtlebot3_project3/share/colcon-core/packages/turtlebot3_project3)
[0.237s] Level 1:colcon.colcon_core.environment:create_environment_scripts_only(turtlebot3_project3)
[0.237s] Level 1:colcon.colcon_core.environment:checking '/home/pallab/project4_ws/install/turtlebot3_project3' for CMake module files
[0.237s] Level 1:colcon.colcon_core.environment:checking '/home/pallab/project4_ws/install/turtlebot3_project3' for CMake config files
[0.238s] Level 1:colcon.colcon_core.shell:create_environment_hook('turtlebot3_project3', 'cmake_prefix_path')
[0.238s] INFO:colcon.colcon_core.shell:Creating environment hook '/home/pallab/project4_ws/install/turtlebot3_project3/share/turtlebot3_project3/hook/cmake_prefix_path.ps1'
[0.238s] INFO:colcon.colcon_core.shell:Creating environment descriptor '/home/pallab/project4_ws/install/turtlebot3_project3/share/turtlebot3_project3/hook/cmake_prefix_path.dsv'
[0.238s] INFO:colcon.colcon_core.shell:Creating environment hook '/home/pallab/project4_ws/install/turtlebot3_project3/share/turtlebot3_project3/hook/cmake_prefix_path.sh'
[0.239s] Level 1:colcon.colcon_core.environment:checking '/home/pallab/project4_ws/install/turtlebot3_project3/lib'
[0.239s] Level 1:colcon.colcon_core.environment:checking '/home/pallab/project4_ws/install/turtlebot3_project3/bin'
[0.239s] Level 1:colcon.colcon_core.environment:checking '/home/pallab/project4_ws/install/turtlebot3_project3/lib/pkgconfig/turtlebot3_project3.pc'
[0.239s] Level 1:colcon.colcon_core.environment:checking '/home/pallab/project4_ws/install/turtlebot3_project3/lib/python3.10/site-packages'
[0.240s] Level 1:colcon.colcon_core.environment:checking '/home/pallab/project4_ws/install/turtlebot3_project3/bin'
[0.240s] INFO:colcon.colcon_core.shell:Creating package script '/home/pallab/project4_ws/install/turtlebot3_project3/share/turtlebot3_project3/package.ps1'
[0.240s] INFO:colcon.colcon_core.shell:Creating package descriptor '/home/pallab/project4_ws/install/turtlebot3_project3/share/turtlebot3_project3/package.dsv'
[0.240s] INFO:colcon.colcon_core.shell:Creating package script '/home/pallab/project4_ws/install/turtlebot3_project3/share/turtlebot3_project3/package.sh'
[0.241s] INFO:colcon.colcon_core.shell:Creating package script '/home/pallab/project4_ws/install/turtlebot3_project3/share/turtlebot3_project3/package.bash'
[0.241s] INFO:colcon.colcon_core.shell:Creating package script '/home/pallab/project4_ws/install/turtlebot3_project3/share/turtlebot3_project3/package.zsh'
[0.241s] Level 1:colcon.colcon_core.environment:create_file_with_runtime_dependencies(/home/pallab/project4_ws/install/turtlebot3_project3/share/colcon-core/packages/turtlebot3_project3)
[0.242s] DEBUG:colcon.colcon_parallel_executor.executor.parallel:closing loop
[0.242s] DEBUG:colcon.colcon_parallel_executor.executor.parallel:loop closed
[0.242s] DEBUG:colcon.colcon_parallel_executor.executor.parallel:run_until_complete finished with '0'
[0.242s] DEBUG:colcon.colcon_core.event_reactor:joining thread
[0.282s] INFO:colcon.colcon_core.plugin_system:Skipping extension 'colcon_notification.desktop_notification.notify_send': Could not find 'notify-send'
[0.282s] INFO:colcon.colcon_core.plugin_system:Skipping extension 'colcon_notification.desktop_notification.terminal_notifier': Not used on non-Darwin systems
[0.282s] INFO:colcon.colcon_core.plugin_system:Skipping extension 'colcon_notification.desktop_notification.win32': Not used on non-Windows systems
[0.282s] INFO:colcon.colcon_notification.desktop_notification:Sending desktop notification using 'notify2'
[0.282s] DEBUG:colcon.colcon_notification.desktop_notification.notify2:Failed to initialize notify2: org.freedesktop.DBus.Error.FileNotFound: Failed to connect to socket /run/user/1000/bus: No such file or directory
[0.282s] DEBUG:colcon.colcon_core.event_reactor:joined thread
[0.283s] INFO:colcon.colcon_core.shell:Creating prefix script '/home/pallab/project4_ws/install/local_setup.ps1'
[0.283s] INFO:colcon.colcon_core.shell:Creating prefix util module '/home/pallab/project4_ws/install/_local_setup_util_ps1.py'
[0.285s] INFO:colcon.colcon_core.shell:Creating prefix chain script '/home/pallab/project4_ws/install/setup.ps1'
[0.285s] INFO:colcon.colcon_core.shell:Creating prefix script '/home/pallab/project4_ws/install/local_setup.sh'
[0.286s] INFO:colcon.colcon_core.shell:Creating prefix util module '/home/pallab/project4_ws/install/_local_setup_util_sh.py'
[0.287s] INFO:colcon.colcon_core.shell:Creating prefix chain script '/home/pallab/project4_ws/install/setup.sh'
[0.287s] INFO:colcon.colcon_core.shell:Creating prefix script '/home/pallab/project4_ws/install/local_setup.bash'
[0.288s] INFO:colcon.colcon_core.shell:Creating prefix chain script '/home/pallab/project4_ws/install/setup.bash'
[0.289s] INFO:colcon.colcon_core.shell:Creating prefix script '/home/pallab/project4_ws/install/local_setup.zsh'
[0.289s] INFO:colcon.colcon_core.shell:Creating prefix chain script '/home/pallab/project4_ws/install/setup.zsh'
