[0.361s] DEBUG:colcon:Command line arguments: ['/usr/bin/colcon', 'build']
[0.361s] DEBUG:colcon:Parsed command line arguments: Namespace(log_base=None, log_level=None, verb_name='build', build_base='build', install_base='install', merge_install=False, symlink_install=False, test_result_base=None, continue_on_error=False, executor='parallel', parallel_workers=16, event_handlers=None, ignore_user_meta=False, metas=['./colcon.meta'], base_paths=['.'], packages_ignore=None, packages_ignore_regex=None, paths=None, packages_up_to=None, packages_up_to_regex=None, packages_above=None, packages_above_and_dependencies=None, packages_above_depth=None, packages_select_by_dep=None, packages_skip_by_dep=None, packages_skip_up_to=None, packages_select_build_failed=False, packages_skip_build_finished=False, packages_select_test_failures=False, packages_skip_test_passed=False, packages_select=None, packages_skip=None, packages_select_regex=None, packages_skip_regex=None, packages_start=None, packages_end=None, allow_overriding=[], cmake_args=None, cmake_target=None, cmake_target_skip_unavailable=False, cmake_clean_cache=False, cmake_clean_first=False, cmake_force_configure=False, ament_cmake_args=None, catkin_cmake_args=None, catkin_skip_building_tests=False, mixin_files=None, mixin=None, verb_parser=<colcon_mixin.mixin.mixin_argument.MixinArgumentDecorator object at 0x7f2cb9c25ab0>, verb_extension=<colcon_core.verb.build.BuildVerb object at 0x7f2cb9df7f70>, main=<bound method BuildVerb.main of <colcon_core.verb.build.BuildVerb object at 0x7f2cb9df7f70>>, mixin_verb=('build',))
[0.628s] Level 1:colcon.colcon_core.package_discovery:discover_packages(colcon_meta) check parameters
[0.630s] Level 1:colcon.colcon_core.package_discovery:discover_packages(recursive) check parameters
[0.630s] Level 1:colcon.colcon_core.package_discovery:discover_packages(ignore) check parameters
[0.630s] Level 1:colcon.colcon_core.package_discovery:discover_packages(path) check parameters
[0.630s] Level 1:colcon.colcon_core.package_discovery:discover_packages(colcon_meta) discover
[0.631s] Level 1:colcon.colcon_core.package_discovery:discover_packages(recursive) discover
[0.631s] INFO:colcon.colcon_core.package_discovery:Crawling recursively for packages in '/home/pallab/project4_ws'
[0.631s] Level 1:colcon.colcon_core.package_identification:_identify(.) by extensions ['ignore', 'ignore_ament_install']
[0.632s] Level 1:colcon.colcon_core.package_identification:_identify(.) by extension 'ignore'
[0.632s] Level 1:colcon.colcon_core.package_identification:_identify(.) by extension 'ignore_ament_install'
[0.632s] Level 1:colcon.colcon_core.package_identification:_identify(.) by extensions ['colcon_pkg']
[0.632s] Level 1:colcon.colcon_core.package_identification:_identify(.) by extension 'colcon_pkg'
[0.632s] Level 1:colcon.colcon_core.package_identification:_identify(.) by extensions ['colcon_meta']
[0.632s] Level 1:colcon.colcon_core.package_identification:_identify(.) by extension 'colcon_meta'
[0.632s] Level 1:colcon.colcon_core.package_identification:_identify(.) by extensions ['ros']
[0.632s] Level 1:colcon.colcon_core.package_identification:_identify(.) by extension 'ros'
[0.648s] Level 1:colcon.colcon_core.package_identification:_identify(.) by extensions ['cmake', 'python']
[0.649s] Level 1:colcon.colcon_core.package_identification:_identify(.) by extension 'cmake'
[0.649s] Level 1:colcon.colcon_core.package_identification:_identify(.) by extension 'python'
[0.649s] Level 1:colcon.colcon_core.package_identification:_identify(.) by extensions ['python_setup_py']
[0.649s] Level 1:colcon.colcon_core.package_identification:_identify(.) by extension 'python_setup_py'
[0.651s] Level 1:colcon.colcon_core.package_identification:_identify(a-star-path-planning) by extensions ['ignore', 'ignore_ament_install']
[0.651s] Level 1:colcon.colcon_core.package_identification:_identify(a-star-path-planning) by extension 'ignore'
[0.651s] Level 1:colcon.colcon_core.package_identification:_identify(a-star-path-planning) by extension 'ignore_ament_install'
[0.651s] Level 1:colcon.colcon_core.package_identification:_identify(a-star-path-planning) by extensions ['colcon_pkg']
[0.651s] Level 1:colcon.colcon_core.package_identification:_identify(a-star-path-planning) by extension 'colcon_pkg'
[0.651s] Level 1:colcon.colcon_core.package_identification:_identify(a-star-path-planning) by extensions ['colcon_meta']
[0.651s] Level 1:colcon.colcon_core.package_identification:_identify(a-star-path-planning) by extension 'colcon_meta'
[0.651s] Level 1:colcon.colcon_core.package_identification:_identify(a-star-path-planning) by extensions ['ros']
[0.651s] Level 1:colcon.colcon_core.package_identification:_identify(a-star-path-planning) by extension 'ros'
[0.651s] Level 1:colcon.colcon_core.package_identification:_identify(a-star-path-planning) by extensions ['cmake', 'python']
[0.651s] Level 1:colcon.colcon_core.package_identification:_identify(a-star-path-planning) by extension 'cmake'
[0.651s] Level 1:colcon.colcon_core.package_identification:_identify(a-star-path-planning) by extension 'python'
[0.651s] Level 1:colcon.colcon_core.package_identification:_identify(a-star-path-planning) by extensions ['python_setup_py']
[0.651s] Level 1:colcon.colcon_core.package_identification:_identify(a-star-path-planning) by extension 'python_setup_py'
[0.653s] Level 1:colcon.colcon_core.package_identification:_identify(a-star-path-planning/Figures) by extensions ['ignore', 'ignore_ament_install']
[0.653s] Level 1:colcon.colcon_core.package_identification:_identify(a-star-path-planning/Figures) by extension 'ignore'
[0.653s] Level 1:colcon.colcon_core.package_identification:_identify(a-star-path-planning/Figures) by extension 'ignore_ament_install'
[0.654s] Level 1:colcon.colcon_core.package_identification:_identify(a-star-path-planning/Figures) by extensions ['colcon_pkg']
[0.654s] Level 1:colcon.colcon_core.package_identification:_identify(a-star-path-planning/Figures) by extension 'colcon_pkg'
[0.654s] Level 1:colcon.colcon_core.package_identification:_identify(a-star-path-planning/Figures) by extensions ['colcon_meta']
[0.654s] Level 1:colcon.colcon_core.package_identification:_identify(a-star-path-planning/Figures) by extension 'colcon_meta'
[0.654s] Level 1:colcon.colcon_core.package_identification:_identify(a-star-path-planning/Figures) by extensions ['ros']
[0.654s] Level 1:colcon.colcon_core.package_identification:_identify(a-star-path-planning/Figures) by extension 'ros'
[0.654s] Level 1:colcon.colcon_core.package_identification:_identify(a-star-path-planning/Figures) by extensions ['cmake', 'python']
[0.654s] Level 1:colcon.colcon_core.package_identification:_identify(a-star-path-planning/Figures) by extension 'cmake'
[0.655s] Level 1:colcon.colcon_core.package_identification:_identify(a-star-path-planning/Figures) by extension 'python'
[0.655s] Level 1:colcon.colcon_core.package_identification:_identify(a-star-path-planning/Figures) by extensions ['python_setup_py']
[0.655s] Level 1:colcon.colcon_core.package_identification:_identify(a-star-path-planning/Figures) by extension 'python_setup_py'
[0.656s] Level 1:colcon.colcon_core.package_identification:_identify(build) by extensions ['ignore', 'ignore_ament_install']
[0.656s] Level 1:colcon.colcon_core.package_identification:_identify(build) by extension 'ignore'
[0.656s] Level 1:colcon.colcon_core.package_identification:_identify(build) ignored
[0.657s] Level 1:colcon.colcon_core.package_identification:_identify(install) by extensions ['ignore', 'ignore_ament_install']
[0.657s] Level 1:colcon.colcon_core.package_identification:_identify(install) by extension 'ignore'
[0.657s] Level 1:colcon.colcon_core.package_identification:_identify(install) ignored
[0.657s] Level 1:colcon.colcon_core.package_identification:_identify(log) by extensions ['ignore', 'ignore_ament_install']
[0.657s] Level 1:colcon.colcon_core.package_identification:_identify(log) by extension 'ignore'
[0.657s] Level 1:colcon.colcon_core.package_identification:_identify(log) ignored
[0.657s] Level 1:colcon.colcon_core.package_identification:_identify(src) by extensions ['ignore', 'ignore_ament_install']
[0.657s] Level 1:colcon.colcon_core.package_identification:_identify(src) by extension 'ignore'
[0.658s] Level 1:colcon.colcon_core.package_identification:_identify(src) by extension 'ignore_ament_install'
[0.658s] Level 1:colcon.colcon_core.package_identification:_identify(src) by extensions ['colcon_pkg']
[0.658s] Level 1:colcon.colcon_core.package_identification:_identify(src) by extension 'colcon_pkg'
[0.658s] Level 1:colcon.colcon_core.package_identification:_identify(src) by extensions ['colcon_meta']
[0.658s] Level 1:colcon.colcon_core.package_identification:_identify(src) by extension 'colcon_meta'
[0.658s] Level 1:colcon.colcon_core.package_identification:_identify(src) by extensions ['ros']
[0.658s] Level 1:colcon.colcon_core.package_identification:_identify(src) by extension 'ros'
[0.658s] Level 1:colcon.colcon_core.package_identification:_identify(src) by extensions ['cmake', 'python']
[0.659s] Level 1:colcon.colcon_core.package_identification:_identify(src) by extension 'cmake'
[0.659s] Level 1:colcon.colcon_core.package_identification:_identify(src) by extension 'python'
[0.659s] Level 1:colcon.colcon_core.package_identification:_identify(src) by extensions ['python_setup_py']
[0.659s] Level 1:colcon.colcon_core.package_identification:_identify(src) by extension 'python_setup_py'
[0.659s] Level 1:colcon.colcon_core.package_identification:_identify(src/build) by extensions ['ignore', 'ignore_ament_install']
[0.660s] Level 1:colcon.colcon_core.package_identification:_identify(src/build) by extension 'ignore'
[0.660s] Level 1:colcon.colcon_core.package_identification:_identify(src/build) ignored
[0.661s] Level 1:colcon.colcon_core.package_identification:_identify(src/install) by extensions ['ignore', 'ignore_ament_install']
[0.661s] Level 1:colcon.colcon_core.package_identification:_identify(src/install) by extension 'ignore'
[0.661s] Level 1:colcon.colcon_core.package_identification:_identify(src/install) ignored
[0.662s] Level 1:colcon.colcon_core.package_identification:_identify(src/log) by extensions ['ignore', 'ignore_ament_install']
[0.662s] Level 1:colcon.colcon_core.package_identification:_identify(src/log) by extension 'ignore'
[0.662s] Level 1:colcon.colcon_core.package_identification:_identify(src/log) ignored
[0.662s] Level 1:colcon.colcon_core.package_identification:_identify(src/turtlebot3_project3) by extensions ['ignore', 'ignore_ament_install']
[0.662s] Level 1:colcon.colcon_core.package_identification:_identify(src/turtlebot3_project3) by extension 'ignore'
[0.662s] Level 1:colcon.colcon_core.package_identification:_identify(src/turtlebot3_project3) by extension 'ignore_ament_install'
[0.662s] Level 1:colcon.colcon_core.package_identification:_identify(src/turtlebot3_project3) by extensions ['colcon_pkg']
[0.663s] Level 1:colcon.colcon_core.package_identification:_identify(src/turtlebot3_project3) by extension 'colcon_pkg'
[0.663s] Level 1:colcon.colcon_core.package_identification:_identify(src/turtlebot3_project3) by extensions ['colcon_meta']
[0.663s] Level 1:colcon.colcon_core.package_identification:_identify(src/turtlebot3_project3) by extension 'colcon_meta'
[0.663s] Level 1:colcon.colcon_core.package_identification:_identify(src/turtlebot3_project3) by extensions ['ros']
[0.663s] Level 1:colcon.colcon_core.package_identification:_identify(src/turtlebot3_project3) by extension 'ros'
[0.670s] DEBUG:colcon.colcon_core.package_identification:Package 'src/turtlebot3_project3' with type 'ros.ament_cmake' and name 'turtlebot3_project3'
[0.670s] Level 1:colcon.colcon_core.package_discovery:discover_packages(recursive) using defaults
[0.670s] Level 1:colcon.colcon_core.package_discovery:discover_packages(ignore) discover
[0.670s] Level 1:colcon.colcon_core.package_discovery:discover_packages(ignore) using defaults
[0.670s] Level 1:colcon.colcon_core.package_discovery:discover_packages(path) discover
[0.670s] Level 1:colcon.colcon_core.package_discovery:discover_packages(path) using defaults
[0.775s] Level 1:colcon.colcon_core.package_discovery:discover_packages(prefix_path) check parameters
[0.776s] Level 1:colcon.colcon_core.package_discovery:discover_packages(prefix_path) discover
[0.780s] DEBUG:colcon.colcon_installed_package_information.package_discovery:Found 1 installed packages in /home/pallab/project3_ws/install
[0.780s] DEBUG:colcon.colcon_installed_package_information.package_discovery:Found 4 installed packages in /home/pallab/ros2_ws/install
[0.782s] DEBUG:colcon.colcon_installed_package_information.package_discovery:Found 342 installed packages in /opt/ros/humble
[0.784s] Level 1:colcon.colcon_core.package_discovery:discover_packages(prefix_path) using defaults
[0.872s] Level 5:colcon.colcon_core.verb:set package 'turtlebot3_project3' build argument 'cmake_args' from command line to 'None'
[0.873s] Level 5:colcon.colcon_core.verb:set package 'turtlebot3_project3' build argument 'cmake_target' from command line to 'None'
[0.873s] Level 5:colcon.colcon_core.verb:set package 'turtlebot3_project3' build argument 'cmake_target_skip_unavailable' from command line to 'False'
[0.873s] Level 5:colcon.colcon_core.verb:set package 'turtlebot3_project3' build argument 'cmake_clean_cache' from command line to 'False'
[0.873s] Level 5:colcon.colcon_core.verb:set package 'turtlebot3_project3' build argument 'cmake_clean_first' from command line to 'False'
[0.873s] Level 5:colcon.colcon_core.verb:set package 'turtlebot3_project3' build argument 'cmake_force_configure' from command line to 'False'
[0.873s] Level 5:colcon.colcon_core.verb:set package 'turtlebot3_project3' build argument 'ament_cmake_args' from command line to 'None'
[0.873s] Level 5:colcon.colcon_core.verb:set package 'turtlebot3_project3' build argument 'catkin_cmake_args' from command line to 'None'
[0.873s] Level 5:colcon.colcon_core.verb:set package 'turtlebot3_project3' build argument 'catkin_skip_building_tests' from command line to 'False'
[0.873s] DEBUG:colcon.colcon_core.verb:Building package 'turtlebot3_project3' with the following arguments: {'ament_cmake_args': None, 'build_base': '/home/pallab/project4_ws/build/turtlebot3_project3', 'catkin_cmake_args': None, 'catkin_skip_building_tests': False, 'cmake_args': None, 'cmake_clean_cache': False, 'cmake_clean_first': False, 'cmake_force_configure': False, 'cmake_target': None, 'cmake_target_skip_unavailable': False, 'install_base': '/home/pallab/project4_ws/install/turtlebot3_project3', 'merge_install': False, 'path': '/home/pallab/project4_ws/src/turtlebot3_project3', 'symlink_install': False, 'test_result_base': None}
[0.874s] INFO:colcon.colcon_core.executor:Executing jobs using 'parallel' executor
[0.877s] DEBUG:colcon.colcon_parallel_executor.executor.parallel:run_until_complete
[0.877s] INFO:colcon.colcon_ros.task.ament_cmake.build:Building ROS package in '/home/pallab/project4_ws/src/turtlebot3_project3' with build type 'ament_cmake'
[0.877s] INFO:colcon.colcon_cmake.task.cmake.build:Building CMake package in '/home/pallab/project4_ws/src/turtlebot3_project3'
[0.882s] INFO:colcon.colcon_core.plugin_system:Skipping extension 'colcon_core.shell.bat': Not used on non-Windows systems
[0.883s] INFO:colcon.colcon_core.shell:Skip shell extension 'powershell' for command environment: Not usable outside of PowerShell
[0.883s] DEBUG:colcon.colcon_core.shell:Skip shell extension 'dsv' for command environment
[0.925s] DEBUG:colcon.colcon_core.event_handler.log_command:Invoking command in '/home/pallab/project4_ws/build/turtlebot3_project3': CMAKE_PREFIX_PATH=${CMAKE_PREFIX_PATH}:/home/pallab/ros2_ws/install/hospital_robot_spawner:/opt/ros/humble /usr/bin/cmake --build /home/pallab/project4_ws/build/turtlebot3_project3 -- -j16 -l16
[1.101s] DEBUG:colcon.colcon_core.event_handler.log_command:Invoked command in '/home/pallab/project4_ws/build/turtlebot3_project3' returned '0': CMAKE_PREFIX_PATH=${CMAKE_PREFIX_PATH}:/home/pallab/ros2_ws/install/hospital_robot_spawner:/opt/ros/humble /usr/bin/cmake --build /home/pallab/project4_ws/build/turtlebot3_project3 -- -j16 -l16
[1.124s] DEBUG:colcon.colcon_core.event_handler.log_command:Invoking command in '/home/pallab/project4_ws/build/turtlebot3_project3': CMAKE_PREFIX_PATH=${CMAKE_PREFIX_PATH}:/home/pallab/ros2_ws/install/hospital_robot_spawner:/opt/ros/humble /usr/bin/cmake --install /home/pallab/project4_ws/build/turtlebot3_project3
[1.191s] Level 1:colcon.colcon_core.environment:create_environment_scripts_only(turtlebot3_project3)
[1.193s] DEBUG:colcon.colcon_core.event_handler.log_command:Invoked command in '/home/pallab/project4_ws/build/turtlebot3_project3' returned '0': CMAKE_PREFIX_PATH=${CMAKE_PREFIX_PATH}:/home/pallab/ros2_ws/install/hospital_robot_spawner:/opt/ros/humble /usr/bin/cmake --install /home/pallab/project4_ws/build/turtlebot3_project3
[1.196s] Level 1:colcon.colcon_core.environment:checking '/home/pallab/project4_ws/install/turtlebot3_project3' for CMake module files
[1.199s] Level 1:colcon.colcon_core.environment:checking '/home/pallab/project4_ws/install/turtlebot3_project3' for CMake config files
[1.209s] Level 1:colcon.colcon_core.shell:create_environment_hook('turtlebot3_project3', 'cmake_prefix_path')
[1.211s] INFO:colcon.colcon_core.shell:Creating environment hook '/home/pallab/project4_ws/install/turtlebot3_project3/share/turtlebot3_project3/hook/cmake_prefix_path.ps1'
[1.213s] INFO:colcon.colcon_core.shell:Creating environment descriptor '/home/pallab/project4_ws/install/turtlebot3_project3/share/turtlebot3_project3/hook/cmake_prefix_path.dsv'
[1.214s] INFO:colcon.colcon_core.shell:Creating environment hook '/home/pallab/project4_ws/install/turtlebot3_project3/share/turtlebot3_project3/hook/cmake_prefix_path.sh'
[1.215s] Level 1:colcon.colcon_core.environment:checking '/home/pallab/project4_ws/install/turtlebot3_project3/lib'
[1.216s] Level 1:colcon.colcon_core.environment:checking '/home/pallab/project4_ws/install/turtlebot3_project3/bin'
[1.216s] Level 1:colcon.colcon_core.environment:checking '/home/pallab/project4_ws/install/turtlebot3_project3/lib/pkgconfig/turtlebot3_project3.pc'
[1.216s] Level 1:colcon.colcon_core.environment:checking '/home/pallab/project4_ws/install/turtlebot3_project3/lib/python3.10/site-packages'
[1.217s] Level 1:colcon.colcon_core.environment:checking '/home/pallab/project4_ws/install/turtlebot3_project3/bin'
[1.217s] INFO:colcon.colcon_core.shell:Creating package script '/home/pallab/project4_ws/install/turtlebot3_project3/share/turtlebot3_project3/package.ps1'
[1.219s] INFO:colcon.colcon_core.shell:Creating package descriptor '/home/pallab/project4_ws/install/turtlebot3_project3/share/turtlebot3_project3/package.dsv'
[1.219s] INFO:colcon.colcon_core.shell:Creating package script '/home/pallab/project4_ws/install/turtlebot3_project3/share/turtlebot3_project3/package.sh'
[1.220s] INFO:colcon.colcon_core.shell:Creating package script '/home/pallab/project4_ws/install/turtlebot3_project3/share/turtlebot3_project3/package.bash'
[1.222s] INFO:colcon.colcon_core.shell:Creating package script '/home/pallab/project4_ws/install/turtlebot3_project3/share/turtlebot3_project3/package.zsh'
[1.223s] Level 1:colcon.colcon_core.environment:create_file_with_runtime_dependencies(/home/pallab/project4_ws/install/turtlebot3_project3/share/colcon-core/packages/turtlebot3_project3)
[1.227s] Level 1:colcon.colcon_core.environment:create_environment_scripts_only(turtlebot3_project3)
[1.228s] Level 1:colcon.colcon_core.environment:checking '/home/pallab/project4_ws/install/turtlebot3_project3' for CMake module files
[1.228s] Level 1:colcon.colcon_core.environment:checking '/home/pallab/project4_ws/install/turtlebot3_project3' for CMake config files
[1.229s] Level 1:colcon.colcon_core.shell:create_environment_hook('turtlebot3_project3', 'cmake_prefix_path')
[1.230s] INFO:colcon.colcon_core.shell:Creating environment hook '/home/pallab/project4_ws/install/turtlebot3_project3/share/turtlebot3_project3/hook/cmake_prefix_path.ps1'
[1.231s] INFO:colcon.colcon_core.shell:Creating environment descriptor '/home/pallab/project4_ws/install/turtlebot3_project3/share/turtlebot3_project3/hook/cmake_prefix_path.dsv'
[1.232s] INFO:colcon.colcon_core.shell:Creating environment hook '/home/pallab/project4_ws/install/turtlebot3_project3/share/turtlebot3_project3/hook/cmake_prefix_path.sh'
[1.233s] Level 1:colcon.colcon_core.environment:checking '/home/pallab/project4_ws/install/turtlebot3_project3/lib'
[1.233s] Level 1:colcon.colcon_core.environment:checking '/home/pallab/project4_ws/install/turtlebot3_project3/bin'
[1.233s] Level 1:colcon.colcon_core.environment:checking '/home/pallab/project4_ws/install/turtlebot3_project3/lib/pkgconfig/turtlebot3_project3.pc'
[1.233s] Level 1:colcon.colcon_core.environment:checking '/home/pallab/project4_ws/install/turtlebot3_project3/lib/python3.10/site-packages'
[1.233s] Level 1:colcon.colcon_core.environment:checking '/home/pallab/project4_ws/install/turtlebot3_project3/bin'
[1.234s] INFO:colcon.colcon_core.shell:Creating package script '/home/pallab/project4_ws/install/turtlebot3_project3/share/turtlebot3_project3/package.ps1'
[1.235s] INFO:colcon.colcon_core.shell:Creating package descriptor '/home/pallab/project4_ws/install/turtlebot3_project3/share/turtlebot3_project3/package.dsv'
[1.235s] INFO:colcon.colcon_core.shell:Creating package script '/home/pallab/project4_ws/install/turtlebot3_project3/share/turtlebot3_project3/package.sh'
[1.236s] INFO:colcon.colcon_core.shell:Creating package script '/home/pallab/project4_ws/install/turtlebot3_project3/share/turtlebot3_project3/package.bash'
[1.237s] INFO:colcon.colcon_core.shell:Creating package script '/home/pallab/project4_ws/install/turtlebot3_project3/share/turtlebot3_project3/package.zsh'
[1.238s] Level 1:colcon.colcon_core.environment:create_file_with_runtime_dependencies(/home/pallab/project4_ws/install/turtlebot3_project3/share/colcon-core/packages/turtlebot3_project3)
[1.239s] DEBUG:colcon.colcon_parallel_executor.executor.parallel:closing loop
[1.241s] DEBUG:colcon.colcon_parallel_executor.executor.parallel:loop closed
[1.242s] DEBUG:colcon.colcon_parallel_executor.executor.parallel:run_until_complete finished with '0'
[1.242s] DEBUG:colcon.colcon_core.event_reactor:joining thread
[1.317s] INFO:colcon.colcon_core.plugin_system:Skipping extension 'colcon_notification.desktop_notification.notify_send': Could not find 'notify-send'
[1.318s] INFO:colcon.colcon_core.plugin_system:Skipping extension 'colcon_notification.desktop_notification.terminal_notifier': Not used on non-Darwin systems
[1.318s] INFO:colcon.colcon_core.plugin_system:Skipping extension 'colcon_notification.desktop_notification.win32': Not used on non-Windows systems
[1.318s] INFO:colcon.colcon_notification.desktop_notification:Sending desktop notification using 'notify2'
[1.319s] DEBUG:colcon.colcon_notification.desktop_notification.notify2:Failed to initialize notify2: org.freedesktop.DBus.Error.FileNotFound: Failed to connect to socket /run/user/1000/bus: No such file or directory
[1.319s] DEBUG:colcon.colcon_core.event_reactor:joined thread
[1.320s] INFO:colcon.colcon_core.shell:Creating prefix script '/home/pallab/project4_ws/install/local_setup.ps1'
[1.323s] INFO:colcon.colcon_core.shell:Creating prefix util module '/home/pallab/project4_ws/install/_local_setup_util_ps1.py'
[1.326s] INFO:colcon.colcon_core.shell:Creating prefix chain script '/home/pallab/project4_ws/install/setup.ps1'
[1.328s] INFO:colcon.colcon_core.shell:Creating prefix script '/home/pallab/project4_ws/install/local_setup.sh'
[1.330s] INFO:colcon.colcon_core.shell:Creating prefix util module '/home/pallab/project4_ws/install/_local_setup_util_sh.py'
[1.331s] INFO:colcon.colcon_core.shell:Creating prefix chain script '/home/pallab/project4_ws/install/setup.sh'
[1.333s] INFO:colcon.colcon_core.shell:Creating prefix script '/home/pallab/project4_ws/install/local_setup.bash'
[1.333s] INFO:colcon.colcon_core.shell:Creating prefix chain script '/home/pallab/project4_ws/install/setup.bash'
[1.335s] INFO:colcon.colcon_core.shell:Creating prefix script '/home/pallab/project4_ws/install/local_setup.zsh'
[1.335s] INFO:colcon.colcon_core.shell:Creating prefix chain script '/home/pallab/project4_ws/install/setup.zsh'
