[0.011s] Invoking command in '/home/pallab/project4_ws/src/build/turtlebot3_project3': CMAKE_PREFIX_PATH=${CMAKE_PREFIX_PATH}:/home/pallab/ros2_ws/install/hospital_robot_spawner:/opt/ros/humble /usr/bin/cmake /home/pallab/project4_ws/src/turtlebot3_project3 -DCMAKE_INSTALL_PREFIX=/home/pallab/project4_ws/src/install/turtlebot3_project3
[0.289s] -- The C compiler identification is GNU 11.4.0
[0.812s] -- The CXX compiler identification is GNU 11.4.0
[1.090s] -- Detecting C compiler ABI info
[1.214s] -- Detecting C compiler ABI info - done
[1.220s] -- Check for working C compiler: /usr/bin/cc - skipped
[1.221s] -- Detecting C compile features
[1.222s] -- Detecting C compile features - done
[1.225s] -- Detecting CXX compiler ABI info
[1.346s] -- Detecting CXX compiler ABI info - done
[1.352s] -- Check for working CXX compiler: /usr/bin/c++ - skipped
[1.352s] -- Detecting CXX compile features
[1.353s] -- Detecting CXX compile features - done
[1.365s] -- Found ament_cmake: 1.3.11 (/opt/ros/humble/share/ament_cmake/cmake)
[1.490s] -- Found Python3: /usr/bin/python3 (found version "3.10.12") found components: Interpreter 
[1.617s] [33mCMake Warning (dev) at /usr/share/cmake-3.22/Modules/FindPackageHandleStandardArgs.cmake:438 (message):
[1.617s]   The package name passed to `find_package_handle_standard_args` (PkgConfig)
[1.618s]   does not match the name of the calling package (gazebo).  This can lead to
[1.618s]   problems in calling code that expects `find_package` result variables
[1.618s]   (e.g., `_FOUND`) to follow a certain pattern.
[1.618s] Call Stack (most recent call first):
[1.618s]   /usr/share/cmake-3.22/Modules/FindPkgConfig.cmake:99 (find_package_handle_standard_args)
[1.618s]   /usr/lib/x86_64-linux-gnu/cmake/gazebo/gazebo-config.cmake:72 (include)
[1.618s]   CMakeLists.txt:23 (find_package)
[1.618s] This warning is for project developers.  Use -Wno-dev to suppress it.
[1.618s] [0m
[1.618s] -- Found PkgConfig: /usr/bin/pkg-config (found version "0.29.2") 
[1.631s] -- Checking for module 'bullet>=2.82'
[1.640s] --   Found bullet, version 3.05
[1.737s] -- Found fcl: /usr/include (found suitable version "0.7.0", minimum required is "0.5.0") 
[1.764s] -- Found assimp: /usr/include (found version "5.2.0") 
[1.787s] -- Found DART: /usr/include (Required is at least version "6.6") found components: dart 
[2.060s] -- Found Boost: /usr/lib/x86_64-linux-gnu/cmake/Boost-1.74.0/BoostConfig.cmake (found suitable version "1.74.0", minimum required is "1.40.0") found components: thread system filesystem program_options regex iostreams date_time 
[3.192s] -- Found Protobuf: /usr/lib/x86_64-linux-gnu/libprotobuf.so (found version "3.12.4") 
[3.198s] -- Looking for ignition-math6 -- found version 6.15.1
[3.208s] -- Searching for dependencies of ignition-math6
[3.211s] -- Looking for OGRE...
[3.211s] -- OGRE_PREFIX_WATCH changed.
[3.215s] -- Checking for module 'OGRE'
[3.225s] --   Found OGRE, version 1.9.0
[3.246s] -- Found Ogre Ghadamon (1.9.0)
[3.569s] -- Found OGRE: optimized;/usr/lib/x86_64-linux-gnu/libOgreMain.so;debug;/usr/lib/x86_64-linux-gnu/libOgreMain.so
[3.577s] -- Looking for OGRE_Paging...
[3.900s] -- Found OGRE_Paging: optimized;/usr/lib/x86_64-linux-gnu/libOgrePaging.so;debug;/usr/lib/x86_64-linux-gnu/libOgrePaging.so
[3.900s] -- Looking for OGRE_Terrain...
[4.253s] -- Found OGRE_Terrain: optimized;/usr/lib/x86_64-linux-gnu/libOgreTerrain.so;debug;/usr/lib/x86_64-linux-gnu/libOgreTerrain.so
[4.254s] -- Looking for OGRE_Property...
[4.615s] -- Found OGRE_Property: optimized;/usr/lib/x86_64-linux-gnu/libOgreProperty.so;debug;/usr/lib/x86_64-linux-gnu/libOgreProperty.so
[4.615s] -- Looking for OGRE_RTShaderSystem...
[4.975s] -- Found OGRE_RTShaderSystem: optimized;/usr/lib/x86_64-linux-gnu/libOgreRTShaderSystem.so;debug;/usr/lib/x86_64-linux-gnu/libOgreRTShaderSystem.so
[4.975s] -- Looking for OGRE_Volume...
[5.337s] -- Found OGRE_Volume: optimized;/usr/lib/x86_64-linux-gnu/libOgreVolume.so;debug;/usr/lib/x86_64-linux-gnu/libOgreVolume.so
[5.337s] -- Looking for OGRE_Overlay...
[5.686s] -- Found OGRE_Overlay: optimized;/usr/lib/x86_64-linux-gnu/libOgreOverlay.so;debug;/usr/lib/x86_64-linux-gnu/libOgreOverlay.so
[23.681s] -- Looking for ignition-math6 -- found version 6.15.1
[23.689s] -- Looking for ignition-transport8 -- found version 8.2.1
[23.690s] -- Searching for dependencies of ignition-transport8
[25.145s] -- Found Protobuf: /usr/lib/x86_64-linux-gnu/libprotobuf.so (found suitable version "3.12.4", minimum required is "3") 
[26.550s] -- Config-file not installed for ZeroMQ -- checking for pkg-config
[26.557s] -- Checking for module 'libzmq >= 4'
[26.578s] --   Found libzmq , version 4.3.4
[26.602s] -- Found ZeroMQ: TRUE (Required is at least version "4") 
[26.641s] -- Checking for module 'uuid'
[26.650s] --   Found uuid, version 2.37.2
[26.673s] -- Found UUID: TRUE  
[26.677s] -- Looking for ignition-msgs5 -- found version 5.8.1
[26.678s] -- Searching for dependencies of ignition-msgs5
[28.130s] -- Looking for ignition-math6 -- found version 6.15.1
[28.134s] -- Checking for module 'tinyxml2'
[28.143s] --   Found tinyxml2, version 9.0.0
[28.168s] -- Looking for ignition-msgs5 -- found version 5.8.1
[28.173s] -- Looking for ignition-common3 -- found version 3.14.0
[28.174s] -- Searching for dependencies of ignition-common3
[28.207s] -- Looking for dlfcn.h - found
[28.243s] -- Looking for libdl - found
[28.244s] -- Found DL: TRUE  
[28.322s] -- Found tinyobjloader: /usr/lib/x86_64-linux-gnu/cmake/tinyobjloader/tinyobjloader-config.cmake (found version "2.0.0") 
[28.323s] -- Searching for <ignition-common3> component [graphics]
[28.325s] -- Looking for ignition-common3-graphics -- found version 3.14.0
[28.326s] -- Searching for dependencies of ignition-common3-graphics
[28.326s] -- Looking for ignition-math6 -- found version 6.15.1
[28.330s] -- Looking for ignition-fuel_tools4 -- found version 4.4.0
[28.330s] -- Searching for dependencies of ignition-fuel_tools4
[30.000s] -- Found CURL: /usr/lib/x86_64-linux-gnu/libcurl.so (found version "7.81.0")  
[30.009s] -- Checking for module 'jsoncpp'
[30.018s] --   Found jsoncpp, version 1.9.5
[30.042s] -- Found JSONCPP: TRUE  
[30.048s] -- Checking for module 'libzip'
[30.062s] --   Found libzip, version 1.7.3
[30.082s] -- Found ZIP: TRUE  
[30.083s] -- Looking for ignition-common3 -- found version 3.14.0
[30.083s] -- Looking for ignition-math6 -- found version 6.15.1
[30.083s] -- Looking for ignition-msgs5 -- found version 5.8.1
[30.094s] -- Found gazebo_ros_pkgs: 3.9.0 (/opt/ros/humble/share/gazebo_ros_pkgs/cmake)
[30.097s] -- Found geometry_msgs: 4.8.0 (/opt/ros/humble/share/geometry_msgs/cmake)
[30.195s] -- Found rosidl_generator_c: 3.1.6 (/opt/ros/humble/share/rosidl_generator_c/cmake)
[30.209s] -- Found rosidl_adapter: 3.1.6 (/opt/ros/humble/share/rosidl_adapter/cmake)
[30.224s] -- Found rosidl_generator_cpp: 3.1.6 (/opt/ros/humble/share/rosidl_generator_cpp/cmake)
[30.250s] -- Using all available rosidl_typesupport_c: rosidl_typesupport_fastrtps_c;rosidl_typesupport_introspection_c
[30.279s] -- Using all available rosidl_typesupport_cpp: rosidl_typesupport_fastrtps_cpp;rosidl_typesupport_introspection_cpp
[30.348s] -- Found nav_msgs: 4.8.0 (/opt/ros/humble/share/nav_msgs/cmake)
[30.377s] -- Found rclcpp: 16.0.12 (/opt/ros/humble/share/rclcpp/cmake)
[30.443s] -- Found rmw_implementation_cmake: 6.1.2 (/opt/ros/humble/share/rmw_implementation_cmake/cmake)
[30.448s] -- Found rmw_fastrtps_cpp: 6.2.7 (/opt/ros/humble/share/rmw_fastrtps_cpp/cmake)
[31.869s] -- Found OpenSSL: /usr/lib/x86_64-linux-gnu/libcrypto.so (found version "3.0.2")  
[33.382s] -- Found FastRTPS: /opt/ros/humble/include  
[36.198s] -- Using RMW implementation 'rmw_fastrtps_cpp' as default
[36.215s] -- Found Threads: TRUE  
[36.277s] -- Found sensor_msgs: 4.8.0 (/opt/ros/humble/share/sensor_msgs/cmake)
[36.311s] -- Found tf2: 0.25.12 (/opt/ros/humble/share/tf2/cmake)
[36.415s] -- Configuring done
[36.432s] -- Generating done
[36.448s] -- Build files have been written to: /home/pallab/project4_ws/src/build/turtlebot3_project3
[36.471s] Invoked command in '/home/pallab/project4_ws/src/build/turtlebot3_project3' returned '0': CMAKE_PREFIX_PATH=${CMAKE_PREFIX_PATH}:/home/pallab/ros2_ws/install/hospital_robot_spawner:/opt/ros/humble /usr/bin/cmake /home/pallab/project4_ws/src/turtlebot3_project3 -DCMAKE_INSTALL_PREFIX=/home/pallab/project4_ws/src/install/turtlebot3_project3
[36.473s] Invoking command in '/home/pallab/project4_ws/src/build/turtlebot3_project3': CMAKE_PREFIX_PATH=${CMAKE_PREFIX_PATH}:/home/pallab/ros2_ws/install/hospital_robot_spawner:/opt/ros/humble /usr/bin/cmake --build /home/pallab/project4_ws/src/build/turtlebot3_project3 -- -j16 -l16
[36.512s] [ 50%] [32mBuilding CXX object CMakeFiles/turtlebot3_drive.dir/src/turtlebot3_drive.cpp.o[0m
